[ 2017-09-20T08:47:11+08:00 ] 127.0.0.1 /Public/bdimg.share.baidu.com/static/api/js/share.js?v=89860593.js?cdnversion=418295
INFO: [ app_init ] --START--
INFO: Run Behavior\BuildLiteBehavior [ RunTime:0.000025s ]
INFO: [ app_init ] --END-- [ RunTime:0.000672s ]
ERR: 无法加载模块:Public

[ 2017-09-20T08:47:11+08:00 ] 127.0.0.1 /favicon.ico
INFO: [ app_init ] --START--
INFO: Run Behavior\BuildLiteBehavior [ RunTime:0.000014s ]
INFO: [ app_init ] --END-- [ RunTime:0.000375s ]
ERR: 无法加载模块:Favicon

[ 2017-09-20T08:47:19+08:00 ] 127.0.0.1 /Public/home/index.html?act=follow
INFO: [ app_init ] --START--
INFO: Run Behavior\BuildLiteBehavior [ RunTime:0.000023s ]
INFO: [ app_init ] --END-- [ RunTime:0.000585s ]
ERR: 无法加载模块:Public

[ 2017-09-20T08:51:08+08:00 ] 127.0.0.1 /Public/bdimg.share.baidu.com/static/api/js/share.js?v=89860593.js?cdnversion=418295
INFO: [ app_init ] --START--
INFO: Run Behavior\BuildLiteBehavior [ RunTime:0.000032s ]
INFO: [ app_init ] --END-- [ RunTime:0.000731s ]
ERR: 无法加载模块:Public

[ 2017-09-20T08:51:34+08:00 ] 127.0.0.1 /Public/bdimg.share.baidu.com/static/api/js/share.js?v=89860593.js?cdnversion=418295
INFO: [ app_init ] --START--
INFO: Run Behavior\BuildLiteBehavior [ RunTime:0.000020s ]
INFO: [ app_init ] --END-- [ RunTime:0.000520s ]
ERR: 无法加载模块:Public

[ 2017-09-20T08:51:37+08:00 ] 127.0.0.1 /Public/home/fav.html?act=show&id=328031
INFO: [ app_init ] --START--
INFO: Run Behavior\BuildLiteBehavior [ RunTime:0.000019s ]
INFO: [ app_init ] --END-- [ RunTime:0.000640s ]
ERR: 无法加载模块:Public

[ 2017-09-20T08:56:07+08:00 ] 127.0.0.1 /Public/bdimg.share.baidu.com/static/api/js/share.js?v=89860593.js?cdnversion=418295
INFO: [ app_init ] --START--
INFO: Run Behavior\BuildLiteBehavior [ RunTime:0.000019s ]
INFO: [ app_init ] --END-- [ RunTime:0.000414s ]
ERR: 无法加载模块:Public

[ 2017-09-20T08:56:21+08:00 ] 127.0.0.1 /Public/home/images/img_12-12.jpg
INFO: [ app_init ] --START--
INFO: Run Behavior\BuildLiteBehavior [ RunTime:0.000017s ]
INFO: [ app_init ] --END-- [ RunTime:0.000517s ]
ERR: 无法加载模块:Public

[ 2017-09-20T08:56:25+08:00 ] 127.0.0.1 /Public/bdimg.share.baidu.com/static/api/js/share.js?v=89860593.js?cdnversion=418295
INFO: [ app_init ] --START--
INFO: Run Behavior\BuildLiteBehavior [ RunTime:0.000039s ]
INFO: [ app_init ] --END-- [ RunTime:0.000844s ]
ERR: 无法加载模块:Public

[ 2017-09-20T08:56:52+08:00 ] 127.0.0.1 /Public/bdimg.share.baidu.com/static/api/js/share.js?v=89860593.js?cdnversion=418295
INFO: [ app_init ] --START--
INFO: Run Behavior\BuildLiteBehavior [ RunTime:0.000024s ]
INFO: [ app_init ] --END-- [ RunTime:0.000569s ]
ERR: 无法加载模块:Public

[ 2017-09-20T09:09:12+08:00 ] 127.0.0.1 /Public/home/fav.html?act=show&id=328031
INFO: [ app_init ] --START--
INFO: Run Behavior\BuildLiteBehavior [ RunTime:0.000016s ]
INFO: [ app_init ] --END-- [ RunTime:0.000452s ]
ERR: 无法加载模块:Public

[ 2017-09-20T09:09:13+08:00 ] 127.0.0.1 /Public/bdimg.share.baidu.com/static/api/js/share.js?v=89860593.js?cdnversion=418296
INFO: [ app_init ] --START--
INFO: Run Behavior\BuildLiteBehavior [ RunTime:0.000016s ]
INFO: [ app_init ] --END-- [ RunTime:0.000522s ]
ERR: 无法加载模块:Public

[ 2017-09-20T09:10:29+08:00 ] 127.0.0.1 /Public/bdimg.share.baidu.com/static/api/js/share.js?v=89860593.js?cdnversion=418296
INFO: [ app_init ] --START--
INFO: Run Behavior\BuildLiteBehavior [ RunTime:0.000012s ]
INFO: [ app_init ] --END-- [ RunTime:0.000326s ]
ERR: 无法加载模块:Public

[ 2017-09-20T09:10:51+08:00 ] 127.0.0.1 /Public/bdimg.share.baidu.com/static/api/js/share.js?v=89860593.js?cdnversion=418296
INFO: [ app_init ] --START--
INFO: Run Behavior\BuildLiteBehavior [ RunTime:0.000018s ]
INFO: [ app_init ] --END-- [ RunTime:0.000432s ]
ERR: 无法加载模块:Public

[ 2017-09-20T09:10:51+08:00 ] 127.0.0.1 /favicon.ico
INFO: [ app_init ] --START--
INFO: Run Behavior\BuildLiteBehavior [ RunTime:0.000027s ]
INFO: [ app_init ] --END-- [ RunTime:0.000919s ]
ERR: 无法加载模块:Favicon

[ 2017-09-20T09:18:00+08:00 ] 127.0.0.1 /Public/bdimg.share.baidu.com/static/api/js/share.js?v=89860593.js?cdnversion=418296
INFO: [ app_init ] --START--
INFO: Run Behavior\BuildLiteBehavior [ RunTime:0.000020s ]
INFO: [ app_init ] --END-- [ RunTime:0.000598s ]
ERR: 无法加载模块:Public

[ 2017-09-20T09:18:53+08:00 ] 127.0.0.1 /Public/bdimg.share.baidu.com/static/api/js/share.js?v=89860593.js?cdnversion=418296
INFO: [ app_init ] --START--
INFO: Run Behavior\BuildLiteBehavior [ RunTime:0.000031s ]
INFO: [ app_init ] --END-- [ RunTime:0.001701s ]
ERR: 无法加载模块:Public

[ 2017-09-20T09:21:03+08:00 ] 127.0.0.1 /Public/bdimg.share.baidu.com/static/api/js/share.js?v=89860593.js?cdnversion=418296
INFO: [ app_init ] --START--
INFO: Run Behavior\BuildLiteBehavior [ RunTime:0.000015s ]
INFO: [ app_init ] --END-- [ RunTime:0.000362s ]
ERR: 无法加载模块:Public

[ 2017-09-20T09:21:31+08:00 ] 127.0.0.1 /Public/bdimg.share.baidu.com/static/api/js/share.js?v=89860593.js?cdnversion=418296
INFO: [ app_init ] --START--
INFO: Run Behavior\BuildLiteBehavior [ RunTime:0.000030s ]
INFO: [ app_init ] --END-- [ RunTime:0.000683s ]
ERR: 无法加载模块:Public

[ 2017-09-20T09:22:43+08:00 ] 127.0.0.1 /Public/bdimg.share.baidu.com/static/api/js/share.js?v=89860593.js?cdnversion=418296
INFO: [ app_init ] --START--
INFO: Run Behavior\BuildLiteBehavior [ RunTime:0.000014s ]
INFO: [ app_init ] --END-- [ RunTime:0.000574s ]
ERR: 无法加载模块:Public

[ 2017-09-20T09:23:40+08:00 ] 127.0.0.1 /Public/bdimg.share.baidu.com/static/api/js/share.js?v=89860593.js?cdnversion=418296
INFO: [ app_init ] --START--
INFO: Run Behavior\BuildLiteBehavior [ RunTime:0.000013s ]
INFO: [ app_init ] --END-- [ RunTime:0.000342s ]
ERR: 无法加载模块:Public

[ 2017-09-20T09:28:01+08:00 ] 127.0.0.1 /Public/home/images/img_12-12.jpg
INFO: [ app_init ] --START--
INFO: Run Behavior\BuildLiteBehavior [ RunTime:0.000028s ]
INFO: [ app_init ] --END-- [ RunTime:0.000762s ]
ERR: 无法加载模块:Public

[ 2017-09-20T09:44:39+08:00 ] 127.0.0.1 /Public/bdimg.share.baidu.com/static/api/js/share.js?v=89860593.js?cdnversion=418296
INFO: [ app_init ] --START--
INFO: Run Behavior\BuildLiteBehavior [ RunTime:0.000014s ]
INFO: [ app_init ] --END-- [ RunTime:0.000400s ]
ERR: 无法加载模块:Public

[ 2017-09-20T09:51:34+08:00 ] 127.0.0.1 /Public/bdimg.share.baidu.com/static/api/js/share.js?v=89860593.js?cdnversion=418296
INFO: [ app_init ] --START--
INFO: Run Behavior\BuildLiteBehavior [ RunTime:0.000017s ]
INFO: [ app_init ] --END-- [ RunTime:0.000490s ]
ERR: 无法加载模块:Public

[ 2017-09-20T09:51:37+08:00 ] 127.0.0.1 /Public/home/images/img_12-12.jpg
INFO: [ app_init ] --START--
INFO: Run Behavior\BuildLiteBehavior [ RunTime:0.000024s ]
INFO: [ app_init ] --END-- [ RunTime:0.000617s ]
ERR: 无法加载模块:Public

[ 2017-09-20T09:51:48+08:00 ] 127.0.0.1 /Public/bdimg.share.baidu.com/static/api/js/share.js?v=89860593.js?cdnversion=418296
INFO: [ app_init ] --START--
INFO: Run Behavior\BuildLiteBehavior [ RunTime:0.000025s ]
INFO: [ app_init ] --END-- [ RunTime:0.000618s ]
ERR: 无法加载模块:Public

[ 2017-09-20T11:15:19+08:00 ] 127.0.0.1 /Public/bdimg.share.baidu.com/static/api/js/share.js?v=89860593.js?cdnversion=418298
INFO: [ app_init ] --START--
INFO: Run Behavior\BuildLiteBehavior [ RunTime:0.000026s ]
INFO: [ app_init ] --END-- [ RunTime:0.000632s ]
ERR: 无法加载模块:Public

[ 2017-09-20T11:17:10+08:00 ] 127.0.0.1 /Public/bdimg.share.baidu.com/static/api/js/share.js?v=89860593.js?cdnversion=418298
INFO: [ app_init ] --START--
INFO: Run Behavior\BuildLiteBehavior [ RunTime:0.000030s ]
INFO: [ app_init ] --END-- [ RunTime:0.000695s ]
ERR: 无法加载模块:Public

[ 2017-09-20T11:22:09+08:00 ] 127.0.0.1 /Public/home/images/img_12-12.jpg
INFO: [ app_init ] --START--
INFO: Run Behavior\BuildLiteBehavior [ RunTime:0.000143s ]
INFO: [ app_init ] --END-- [ RunTime:0.001658s ]
ERR: 无法加载模块:Public

[ 2017-09-20T11:22:25+08:00 ] 127.0.0.1 /Public/bdimg.share.baidu.com/static/api/js/share.js?v=89860593.js?cdnversion=418298
INFO: [ app_init ] --START--
INFO: Run Behavior\BuildLiteBehavior [ RunTime:0.000026s ]
INFO: [ app_init ] --END-- [ RunTime:0.000790s ]
ERR: 无法加载模块:Public

[ 2017-09-20T11:24:33+08:00 ] 127.0.0.1 /Public/home/images/img_12-12.jpg
INFO: [ app_init ] --START--
INFO: Run Behavior\BuildLiteBehavior [ RunTime:0.000018s ]
INFO: [ app_init ] --END-- [ RunTime:0.000410s ]
ERR: 无法加载模块:Public

[ 2017-09-20T11:24:51+08:00 ] 127.0.0.1 /Public/bdimg.share.baidu.com/static/api/js/share.js?v=89860593.js?cdnversion=418298
INFO: [ app_init ] --START--
INFO: Run Behavior\BuildLiteBehavior [ RunTime:0.000027s ]
INFO: [ app_init ] --END-- [ RunTime:0.000585s ]
ERR: 无法加载模块:Public

[ 2017-09-20T11:28:28+08:00 ] 127.0.0.1 /Public/bdimg.share.baidu.com/static/api/js/share.js?v=89860593.js?cdnversion=418298
INFO: [ app_init ] --START--
INFO: Run Behavior\BuildLiteBehavior [ RunTime:0.000023s ]
INFO: [ app_init ] --END-- [ RunTime:0.000690s ]
ERR: 无法加载模块:Public

[ 2017-09-20T11:34:56+08:00 ] 127.0.0.1 /Public/bdimg.share.baidu.com/static/api/js/share.js?v=89860593.js?cdnversion=418298
INFO: [ app_init ] --START--
INFO: Run Behavior\BuildLiteBehavior [ RunTime:0.000168s ]
INFO: [ app_init ] --END-- [ RunTime:0.001292s ]
ERR: 无法加载模块:Public

[ 2017-09-20T11:34:57+08:00 ] 127.0.0.1 /Public/bdimg.share.baidu.com/static/api/js/share.js?v=89860593.js?cdnversion=418298
INFO: [ app_init ] --START--
INFO: Run Behavior\BuildLiteBehavior [ RunTime:0.000038s ]
INFO: [ app_init ] --END-- [ RunTime:0.000797s ]
ERR: 无法加载模块:Public

[ 2017-09-20T11:34:58+08:00 ] 127.0.0.1 /Public/bdimg.share.baidu.com/static/api/js/share.js?v=89860593.js?cdnversion=418298
INFO: [ app_init ] --START--
INFO: Run Behavior\BuildLiteBehavior [ RunTime:0.000035s ]
INFO: [ app_init ] --END-- [ RunTime:0.000864s ]
ERR: 无法加载模块:Public

[ 2017-09-20T11:35:16+08:00 ] 127.0.0.1 /Public/bdimg.share.baidu.com/static/api/js/share.js?v=89860593.js?cdnversion=418298
INFO: [ app_init ] --START--
INFO: Run Behavior\BuildLiteBehavior [ RunTime:0.000028s ]
INFO: [ app_init ] --END-- [ RunTime:0.000651s ]
ERR: 无法加载模块:Public

[ 2017-09-20T11:55:20+08:00 ] 127.0.0.1 /Public/home/bbs.html
INFO: [ app_init ] --START--
INFO: Run Behavior\BuildLiteBehavior [ RunTime:0.000015s ]
INFO: [ app_init ] --END-- [ RunTime:0.000448s ]
ERR: 无法加载模块:Public

[ 2017-09-20T11:55:23+08:00 ] 127.0.0.1 /Public/home/event.html
INFO: [ app_init ] --START--
INFO: Run Behavior\BuildLiteBehavior [ RunTime:0.000025s ]
INFO: [ app_init ] --END-- [ RunTime:0.000687s ]
ERR: 无法加载模块:Public

[ 2017-09-20T11:55:27+08:00 ] 127.0.0.1 /Public/home/jobs.html
INFO: [ app_init ] --START--
INFO: Run Behavior\BuildLiteBehavior [ RunTime:0.000021s ]
INFO: [ app_init ] --END-- [ RunTime:0.000507s ]
ERR: 无法加载模块:Public

