[ 2017-09-18T08:20:00+08:00 ] 127.0.0.1 /favicon.ico
INFO: [ app_init ] --START--
INFO: Run Behavior\BuildLiteBehavior [ RunTime:0.000015s ]
INFO: [ app_init ] --END-- [ RunTime:0.000396s ]
ERR: 无法加载模块:Favicon

[ 2017-09-18T08:20:00+08:00 ] 127.0.0.1 /favicon.ico
INFO: [ app_init ] --START--
INFO: Run Behavior\BuildLiteBehavior [ RunTime:0.000013s ]
INFO: [ app_init ] --END-- [ RunTime:0.000320s ]
ERR: 无法加载模块:Favicon

[ 2017-09-18T08:55:02+08:00 ] 127.0.0.1 /Public/bdimg.share.baidu.com/static/api/js/share.js?v=89860593.js?cdnversion=418247
INFO: [ app_init ] --START--
INFO: Run Behavior\BuildLiteBehavior [ RunTime:0.000021s ]
INFO: [ app_init ] --END-- [ RunTime:0.000489s ]
ERR: 无法加载模块:Public

[ 2017-09-18T08:55:02+08:00 ] 127.0.0.1 /favicon.ico
INFO: [ app_init ] --START--
INFO: Run Behavior\BuildLiteBehavior [ RunTime:0.000021s ]
INFO: [ app_init ] --END-- [ RunTime:0.000522s ]
ERR: 无法加载模块:Favicon

[ 2017-09-18T08:55:14+08:00 ] 127.0.0.1 /Public/home/index.html?act=morelist&page=2
INFO: [ app_init ] --START--
INFO: Run Behavior\BuildLiteBehavior [ RunTime:0.000025s ]
INFO: [ app_init ] --END-- [ RunTime:0.000692s ]
ERR: 无法加载模块:Public

[ 2017-09-18T08:55:18+08:00 ] 127.0.0.1 /Public/home/index.html?act=morelist&page=2
INFO: [ app_init ] --START--
INFO: Run Behavior\BuildLiteBehavior [ RunTime:0.000024s ]
INFO: [ app_init ] --END-- [ RunTime:0.000579s ]
ERR: 无法加载模块:Public

[ 2017-09-18T08:56:08+08:00 ] 127.0.0.1 /Public/bdimg.share.baidu.com/static/api/js/share.js?v=89860593.js?cdnversion=418247
INFO: [ app_init ] --START--
INFO: Run Behavior\BuildLiteBehavior [ RunTime:0.000024s ]
INFO: [ app_init ] --END-- [ RunTime:0.000601s ]
ERR: 无法加载模块:Public

[ 2017-09-18T09:14:12+08:00 ] 127.0.0.1 /Public/home/index.html?act=morelist&page=2
INFO: [ app_init ] --START--
INFO: Run Behavior\BuildLiteBehavior [ RunTime:0.000021s ]
INFO: [ app_init ] --END-- [ RunTime:0.004094s ]
ERR: 无法加载模块:Public

[ 2017-09-18T09:14:14+08:00 ] 127.0.0.1 /Public/bdimg.share.baidu.com/static/api/js/share.js?v=89860593.js?cdnversion=418248
INFO: [ app_init ] --START--
INFO: Run Behavior\BuildLiteBehavior [ RunTime:0.000020s ]
INFO: [ app_init ] --END-- [ RunTime:0.000551s ]
ERR: 无法加载模块:Public

[ 2017-09-18T09:14:22+08:00 ] 127.0.0.1 /Public/home/home.html
INFO: [ app_init ] --START--
INFO: Run Behavior\BuildLiteBehavior [ RunTime:0.000020s ]
INFO: [ app_init ] --END-- [ RunTime:0.000717s ]
ERR: 无法加载模块:Public

[ 2017-09-18T09:14:27+08:00 ] 127.0.0.1 /Public/home/login.html
INFO: [ app_init ] --START--
INFO: Run Behavior\BuildLiteBehavior [ RunTime:0.000019s ]
INFO: [ app_init ] --END-- [ RunTime:0.000471s ]
ERR: 无法加载模块:Public

[ 2017-09-18T09:14:31+08:00 ] 127.0.0.1 /Public/home/bbs.html
INFO: [ app_init ] --START--
INFO: Run Behavior\BuildLiteBehavior [ RunTime:0.000019s ]
INFO: [ app_init ] --END-- [ RunTime:0.000544s ]
ERR: 无法加载模块:Public

[ 2017-09-18T09:37:19+08:00 ] 127.0.0.1 /Public/bdimg.share.baidu.com/static/api/js/share.js?v=89860593.js?cdnversion=418248
INFO: [ app_init ] --START--
INFO: Run Behavior\BuildLiteBehavior [ RunTime:0.000032s ]
INFO: [ app_init ] --END-- [ RunTime:0.000535s ]
ERR: 无法加载模块:Public

[ 2017-09-18T09:37:36+08:00 ] 127.0.0.1 /Public/home/images/img_12-12.jpg
INFO: [ app_init ] --START--
INFO: Run Behavior\BuildLiteBehavior [ RunTime:0.000026s ]
INFO: [ app_init ] --END-- [ RunTime:0.000609s ]
ERR: 无法加载模块:Public

[ 2017-09-18T09:37:36+08:00 ] 127.0.0.1 /Public/home/images/qq1.jpg
INFO: [ app_init ] --START--
INFO: Run Behavior\BuildLiteBehavior [ RunTime:0.000024s ]
INFO: [ app_init ] --END-- [ RunTime:0.000642s ]
ERR: 无法加载模块:Public

[ 2017-09-18T09:37:36+08:00 ] 127.0.0.1 /Public/home/images/wb.jpg
INFO: [ app_init ] --START--
INFO: Run Behavior\BuildLiteBehavior [ RunTime:0.000021s ]
INFO: [ app_init ] --END-- [ RunTime:0.000590s ]
ERR: 无法加载模块:Public

[ 2017-09-18T09:37:36+08:00 ] 127.0.0.1 /Public/home/images/d_na_03.jpg
INFO: [ app_init ] --START--
INFO: Run Behavior\BuildLiteBehavior [ RunTime:0.000036s ]
INFO: [ app_init ] --END-- [ RunTime:0.000906s ]
ERR: 无法加载模块:Public

[ 2017-09-18T09:39:34+08:00 ] 127.0.0.1 /Public/home/images/qq1.jpg
INFO: [ app_init ] --START--
INFO: Run Behavior\BuildLiteBehavior [ RunTime:0.000029s ]
INFO: [ app_init ] --END-- [ RunTime:0.000636s ]
ERR: 无法加载模块:Public

[ 2017-09-18T09:39:34+08:00 ] 127.0.0.1 /Public/home/images/img_12-12.jpg
INFO: [ app_init ] --START--
INFO: Run Behavior\BuildLiteBehavior [ RunTime:0.000029s ]
INFO: [ app_init ] --END-- [ RunTime:0.000734s ]
ERR: 无法加载模块:Public

[ 2017-09-18T09:39:34+08:00 ] 127.0.0.1 /Public/home/images/d_na_03.jpg
INFO: [ app_init ] --START--
INFO: Run Behavior\BuildLiteBehavior [ RunTime:0.000024s ]
INFO: [ app_init ] --END-- [ RunTime:0.000768s ]
ERR: 无法加载模块:Public

[ 2017-09-18T09:39:34+08:00 ] 127.0.0.1 /Public/home/images/wb.jpg
INFO: [ app_init ] --START--
INFO: Run Behavior\BuildLiteBehavior [ RunTime:0.000025s ]
INFO: [ app_init ] --END-- [ RunTime:0.000678s ]
ERR: 无法加载模块:Public

[ 2017-09-18T09:44:15+08:00 ] 127.0.0.1 /Public/home/images/img_12-12.jpg
INFO: [ app_init ] --START--
INFO: Run Behavior\BuildLiteBehavior [ RunTime:0.000025s ]
INFO: [ app_init ] --END-- [ RunTime:0.000629s ]
ERR: 无法加载模块:Public

[ 2017-09-18T09:44:15+08:00 ] 127.0.0.1 /Public/home/images/wb.jpg
INFO: [ app_init ] --START--
INFO: Run Behavior\BuildLiteBehavior [ RunTime:0.000029s ]
INFO: [ app_init ] --END-- [ RunTime:0.000698s ]
ERR: 无法加载模块:Public

[ 2017-09-18T09:44:15+08:00 ] 127.0.0.1 /Public/home/images/d_na_03.jpg
INFO: [ app_init ] --START--
INFO: Run Behavior\BuildLiteBehavior [ RunTime:0.000025s ]
INFO: [ app_init ] --END-- [ RunTime:0.000727s ]
ERR: 无法加载模块:Public

[ 2017-09-18T09:44:15+08:00 ] 127.0.0.1 /Public/home/images/qq1.jpg
INFO: [ app_init ] --START--
INFO: Run Behavior\BuildLiteBehavior [ RunTime:0.000029s ]
INFO: [ app_init ] --END-- [ RunTime:0.000813s ]
ERR: 无法加载模块:Public

[ 2017-09-18T09:44:18+08:00 ] 127.0.0.1 /jsp/code.jsp?a=0.5859873338306969
INFO: [ app_init ] --START--
INFO: Run Behavior\BuildLiteBehavior [ RunTime:0.000020s ]
INFO: [ app_init ] --END-- [ RunTime:0.000451s ]
ERR: 无法加载模块:Jsp

[ 2017-09-18T09:44:19+08:00 ] 127.0.0.1 /jsp/code.jsp?a=0.10747123285875956
INFO: [ app_init ] --START--
INFO: Run Behavior\BuildLiteBehavior [ RunTime:0.000026s ]
INFO: [ app_init ] --END-- [ RunTime:0.000626s ]
ERR: 无法加载模块:Jsp

[ 2017-09-18T09:44:20+08:00 ] 127.0.0.1 /jsp/code.jsp?a=0.1521311919399437
INFO: [ app_init ] --START--
INFO: Run Behavior\BuildLiteBehavior [ RunTime:0.000021s ]
INFO: [ app_init ] --END-- [ RunTime:0.000548s ]
ERR: 无法加载模块:Jsp

[ 2017-09-18T09:44:21+08:00 ] 127.0.0.1 /jsp/code.jsp?a=0.30220938222079463
INFO: [ app_init ] --START--
INFO: Run Behavior\BuildLiteBehavior [ RunTime:0.000018s ]
INFO: [ app_init ] --END-- [ RunTime:0.000415s ]
ERR: 无法加载模块:Jsp

[ 2017-09-18T09:44:22+08:00 ] 127.0.0.1 /jsp/code.jsp?a=0.3770357199254222
INFO: [ app_init ] --START--
INFO: Run Behavior\BuildLiteBehavior [ RunTime:0.000031s ]
INFO: [ app_init ] --END-- [ RunTime:0.000774s ]
ERR: 无法加载模块:Jsp

[ 2017-09-18T09:44:24+08:00 ] 127.0.0.1 /Public/home/images/qq1.jpg
INFO: [ app_init ] --START--
INFO: Run Behavior\BuildLiteBehavior [ RunTime:0.000033s ]
INFO: [ app_init ] --END-- [ RunTime:0.000880s ]
ERR: 无法加载模块:Public

[ 2017-09-18T09:44:24+08:00 ] 127.0.0.1 /Public/home/images/wb.jpg
INFO: [ app_init ] --START--
INFO: Run Behavior\BuildLiteBehavior [ RunTime:0.000022s ]
INFO: [ app_init ] --END-- [ RunTime:0.000549s ]
ERR: 无法加载模块:Public

[ 2017-09-18T09:44:24+08:00 ] 127.0.0.1 /Public/home/images/d_na_03.jpg
INFO: [ app_init ] --START--
INFO: Run Behavior\BuildLiteBehavior [ RunTime:0.000025s ]
INFO: [ app_init ] --END-- [ RunTime:0.000593s ]
ERR: 无法加载模块:Public

[ 2017-09-18T09:44:24+08:00 ] 127.0.0.1 /Public/home/images/img_12-12.jpg
INFO: [ app_init ] --START--
INFO: Run Behavior\BuildLiteBehavior [ RunTime:0.000048s ]
INFO: [ app_init ] --END-- [ RunTime:0.000549s ]
ERR: 无法加载模块:Public

[ 2017-09-18T09:46:04+08:00 ] 127.0.0.1 /Public/home/login.html
INFO: [ app_init ] --START--
INFO: Run Behavior\BuildLiteBehavior [ RunTime:0.000020s ]
INFO: [ app_init ] --END-- [ RunTime:0.000604s ]
ERR: 无法加载模块:Public

[ 2017-09-18T09:48:49+08:00 ] 127.0.0.1 /Public/bdimg.share.baidu.com/static/api/js/share.js?v=89860593.js?cdnversion=418248
INFO: [ app_init ] --START--
INFO: Run Behavior\BuildLiteBehavior [ RunTime:0.000026s ]
INFO: [ app_init ] --END-- [ RunTime:0.000635s ]
ERR: 无法加载模块:Public

[ 2017-09-18T09:48:56+08:00 ] 127.0.0.1 /Public/home/images/img_12-12.jpg
INFO: [ app_init ] --START--
INFO: Run Behavior\BuildLiteBehavior [ RunTime:0.000030s ]
INFO: [ app_init ] --END-- [ RunTime:0.000579s ]
ERR: 无法加载模块:Public

[ 2017-09-18T09:48:56+08:00 ] 127.0.0.1 /Public/home/images/qq1.jpg
INFO: [ app_init ] --START--
INFO: Run Behavior\BuildLiteBehavior [ RunTime:0.000035s ]
INFO: [ app_init ] --END-- [ RunTime:0.001211s ]
ERR: 无法加载模块:Public

[ 2017-09-18T09:48:56+08:00 ] 127.0.0.1 /Public/home/images/d_na_03.jpg
INFO: [ app_init ] --START--
INFO: Run Behavior\BuildLiteBehavior [ RunTime:0.000023s ]
INFO: [ app_init ] --END-- [ RunTime:0.000692s ]
ERR: 无法加载模块:Public

[ 2017-09-18T09:48:56+08:00 ] 127.0.0.1 /Public/home/images/wb.jpg
INFO: [ app_init ] --START--
INFO: Run Behavior\BuildLiteBehavior [ RunTime:0.000055s ]
INFO: [ app_init ] --END-- [ RunTime:0.001074s ]
ERR: 无法加载模块:Public

[ 2017-09-18T09:49:02+08:00 ] 127.0.0.1 /Public/home/images/img_12-12.jpg
INFO: [ app_init ] --START--
INFO: Run Behavior\BuildLiteBehavior [ RunTime:0.000030s ]
INFO: [ app_init ] --END-- [ RunTime:0.000837s ]
ERR: 无法加载模块:Public

[ 2017-09-18T09:49:02+08:00 ] 127.0.0.1 /Public/home/images/d_na_03.jpg
INFO: [ app_init ] --START--
INFO: Run Behavior\BuildLiteBehavior [ RunTime:0.000228s ]
INFO: [ app_init ] --END-- [ RunTime:0.001150s ]
ERR: 无法加载模块:Public

[ 2017-09-18T09:49:02+08:00 ] 127.0.0.1 /Public/home/images/qq1.jpg
INFO: [ app_init ] --START--
INFO: Run Behavior\BuildLiteBehavior [ RunTime:0.000029s ]
INFO: [ app_init ] --END-- [ RunTime:0.001165s ]
ERR: 无法加载模块:Public

[ 2017-09-18T09:49:02+08:00 ] 127.0.0.1 /Public/home/images/wb.jpg
INFO: [ app_init ] --START--
INFO: Run Behavior\BuildLiteBehavior [ RunTime:0.000033s ]
INFO: [ app_init ] --END-- [ RunTime:0.000707s ]
ERR: 无法加载模块:Public

[ 2017-09-18T09:49:09+08:00 ] 127.0.0.1 /jsp/code.jsp?a=0.1597338844675717
INFO: [ app_init ] --START--
INFO: Run Behavior\BuildLiteBehavior [ RunTime:0.000016s ]
INFO: [ app_init ] --END-- [ RunTime:0.000476s ]
ERR: 无法加载模块:Jsp

[ 2017-09-18T09:49:10+08:00 ] 127.0.0.1 /jsp/code.jsp?a=0.03771259664762308
INFO: [ app_init ] --START--
INFO: Run Behavior\BuildLiteBehavior [ RunTime:0.000014s ]
INFO: [ app_init ] --END-- [ RunTime:0.000339s ]
ERR: 无法加载模块:Jsp

[ 2017-09-18T09:49:11+08:00 ] 127.0.0.1 /jsp/code.jsp?a=0.00716449538342383
INFO: [ app_init ] --START--
INFO: Run Behavior\BuildLiteBehavior [ RunTime:0.000013s ]
INFO: [ app_init ] --END-- [ RunTime:0.000318s ]
ERR: 无法加载模块:Jsp

[ 2017-09-18T09:49:27+08:00 ] 127.0.0.1 /jsp/code.jsp?a=0.22445389298973428
INFO: [ app_init ] --START--
INFO: Run Behavior\BuildLiteBehavior [ RunTime:0.000014s ]
INFO: [ app_init ] --END-- [ RunTime:0.000355s ]
ERR: 无法加载模块:Jsp

[ 2017-09-18T09:50:53+08:00 ] 127.0.0.1 /Public/home/images/img_12-12.jpg
INFO: [ app_init ] --START--
INFO: Run Behavior\BuildLiteBehavior [ RunTime:0.000037s ]
INFO: [ app_init ] --END-- [ RunTime:0.003508s ]
ERR: 无法加载模块:Public

[ 2017-09-18T09:51:13+08:00 ] 127.0.0.1 /Public/home/images/img_12-12.jpg
INFO: [ app_init ] --START--
INFO: Run Behavior\BuildLiteBehavior [ RunTime:0.000026s ]
INFO: [ app_init ] --END-- [ RunTime:0.000670s ]
ERR: 无法加载模块:Public

[ 2017-09-18T09:55:47+08:00 ] 127.0.0.1 /Public/home/images/img_12-12.jpg
INFO: [ app_init ] --START--
INFO: Run Behavior\BuildLiteBehavior [ RunTime:0.000022s ]
INFO: [ app_init ] --END-- [ RunTime:0.000641s ]
ERR: 无法加载模块:Public

[ 2017-09-18T09:55:48+08:00 ] 127.0.0.1 /Public/home/images/img_12-12.jpg
INFO: [ app_init ] --START--
INFO: Run Behavior\BuildLiteBehavior [ RunTime:0.000015s ]
INFO: [ app_init ] --END-- [ RunTime:0.000359s ]
ERR: 无法加载模块:Public

[ 2017-09-18T09:56:06+08:00 ] 127.0.0.1 /Public/home/images/img_12-12.jpg
INFO: [ app_init ] --START--
INFO: Run Behavior\BuildLiteBehavior [ RunTime:0.000022s ]
INFO: [ app_init ] --END-- [ RunTime:0.000946s ]
ERR: 无法加载模块:Public

[ 2017-09-18T09:56:56+08:00 ] 127.0.0.1 /Public/home/images/img_12-12.jpg
INFO: [ app_init ] --START--
INFO: Run Behavior\BuildLiteBehavior [ RunTime:0.000023s ]
INFO: [ app_init ] --END-- [ RunTime:0.000496s ]
ERR: 无法加载模块:Public

[ 2017-09-18T09:58:04+08:00 ] 127.0.0.1 /Public/home/images/img_12-12.jpg
INFO: [ app_init ] --START--
INFO: Run Behavior\BuildLiteBehavior [ RunTime:0.000016s ]
INFO: [ app_init ] --END-- [ RunTime:0.000414s ]
ERR: 无法加载模块:Public

[ 2017-09-18T09:59:26+08:00 ] 127.0.0.1 /Public/home/images/img_12-12.jpg
INFO: [ app_init ] --START--
INFO: Run Behavior\BuildLiteBehavior [ RunTime:0.000019s ]
INFO: [ app_init ] --END-- [ RunTime:0.000439s ]
ERR: 无法加载模块:Public

[ 2017-09-18T10:01:15+08:00 ] 127.0.0.1 /Public/home/images/img_12-12.jpg
INFO: [ app_init ] --START--
INFO: Run Behavior\BuildLiteBehavior [ RunTime:0.000014s ]
INFO: [ app_init ] --END-- [ RunTime:0.000351s ]
ERR: 无法加载模块:Public

[ 2017-09-18T10:06:27+08:00 ] 127.0.0.1 /Public/bdimg.share.baidu.com/static/api/js/share.js?v=89860593.js?cdnversion=418249
INFO: [ app_init ] --START--
INFO: Run Behavior\BuildLiteBehavior [ RunTime:0.000022s ]
INFO: [ app_init ] --END-- [ RunTime:0.000517s ]
ERR: 无法加载模块:Public

[ 2017-09-18T10:34:50+08:00 ] 127.0.0.1 /Public/home/images/img_12-12.jpg
INFO: [ app_init ] --START--
INFO: Run Behavior\BuildLiteBehavior [ RunTime:0.000022s ]
INFO: [ app_init ] --END-- [ RunTime:0.000605s ]
ERR: 无法加载模块:Public

[ 2017-09-18T10:35:42+08:00 ] 127.0.0.1 /Public/home/images/img_12-12.jpg
INFO: [ app_init ] --START--
INFO: Run Behavior\BuildLiteBehavior [ RunTime:0.000018s ]
INFO: [ app_init ] --END-- [ RunTime:0.000421s ]
ERR: 无法加载模块:Public

[ 2017-09-18T10:38:18+08:00 ] 127.0.0.1 /Public/home/images/img_12-12.jpg
INFO: [ app_init ] --START--
INFO: Run Behavior\BuildLiteBehavior [ RunTime:0.000018s ]
INFO: [ app_init ] --END-- [ RunTime:0.000466s ]
ERR: 无法加载模块:Public

[ 2017-09-18T10:39:24+08:00 ] 127.0.0.1 /Public/home/images/img_12-12.jpg
INFO: [ app_init ] --START--
INFO: Run Behavior\BuildLiteBehavior [ RunTime:0.000019s ]
INFO: [ app_init ] --END-- [ RunTime:0.000436s ]
ERR: 无法加载模块:Public

[ 2017-09-18T10:39:24+08:00 ] 127.0.0.1 /Public/home/images/img_12-12.jpg
INFO: [ app_init ] --START--
INFO: Run Behavior\BuildLiteBehavior [ RunTime:0.000014s ]
INFO: [ app_init ] --END-- [ RunTime:0.000320s ]
ERR: 无法加载模块:Public

[ 2017-09-18T10:40:00+08:00 ] 127.0.0.1 /Public/home/images/img_12-12.jpg
INFO: [ app_init ] --START--
INFO: Run Behavior\BuildLiteBehavior [ RunTime:0.000022s ]
INFO: [ app_init ] --END-- [ RunTime:0.000531s ]
ERR: 无法加载模块:Public

[ 2017-09-18T10:40:13+08:00 ] 127.0.0.1 /Public/home/images/img_12-12.jpg
INFO: [ app_init ] --START--
INFO: Run Behavior\BuildLiteBehavior [ RunTime:0.000023s ]
INFO: [ app_init ] --END-- [ RunTime:0.000570s ]
ERR: 无法加载模块:Public

[ 2017-09-18T10:40:56+08:00 ] 127.0.0.1 /Public/home/images/img_12-12.jpg
INFO: [ app_init ] --START--
INFO: Run Behavior\BuildLiteBehavior [ RunTime:0.000019s ]
INFO: [ app_init ] --END-- [ RunTime:0.000749s ]
ERR: 无法加载模块:Public

[ 2017-09-18T10:42:58+08:00 ] 127.0.0.1 /Public/home/images/img_12-12.jpg
INFO: [ app_init ] --START--
INFO: Run Behavior\BuildLiteBehavior [ RunTime:0.000022s ]
INFO: [ app_init ] --END-- [ RunTime:0.000568s ]
ERR: 无法加载模块:Public

[ 2017-09-18T10:45:57+08:00 ] 127.0.0.1 /Public/home/images/img_12-12.jpg
INFO: [ app_init ] --START--
INFO: Run Behavior\BuildLiteBehavior [ RunTime:0.000018s ]
INFO: [ app_init ] --END-- [ RunTime:0.000475s ]
ERR: 无法加载模块:Public

[ 2017-09-18T10:47:29+08:00 ] 127.0.0.1 /Public/home/images/img_12-12.jpg
INFO: [ app_init ] --START--
INFO: Run Behavior\BuildLiteBehavior [ RunTime:0.000022s ]
INFO: [ app_init ] --END-- [ RunTime:0.000627s ]
ERR: 无法加载模块:Public

[ 2017-09-18T10:56:00+08:00 ] 127.0.0.1 /Public/home/images/img_12-12.jpg
INFO: [ app_init ] --START--
INFO: Run Behavior\BuildLiteBehavior [ RunTime:0.000040s ]
INFO: [ app_init ] --END-- [ RunTime:0.000802s ]
ERR: 无法加载模块:Public

[ 2017-09-18T10:56:19+08:00 ] 127.0.0.1 /Public/home/images/img_12-12.jpg
INFO: [ app_init ] --START--
INFO: Run Behavior\BuildLiteBehavior [ RunTime:0.000016s ]
INFO: [ app_init ] --END-- [ RunTime:0.000413s ]
ERR: 无法加载模块:Public

[ 2017-09-18T10:57:23+08:00 ] 127.0.0.1 /Public/home/images/img_12-12.jpg
INFO: [ app_init ] --START--
INFO: Run Behavior\BuildLiteBehavior [ RunTime:0.000014s ]
INFO: [ app_init ] --END-- [ RunTime:0.000362s ]
ERR: 无法加载模块:Public

[ 2017-09-18T10:57:23+08:00 ] 127.0.0.1 /Public/home/images/img_12-12.jpg
INFO: [ app_init ] --START--
INFO: Run Behavior\BuildLiteBehavior [ RunTime:0.000014s ]
INFO: [ app_init ] --END-- [ RunTime:0.000359s ]
ERR: 无法加载模块:Public

[ 2017-09-18T10:58:05+08:00 ] 127.0.0.1 /Public/home/images/img_12-12.jpg
INFO: [ app_init ] --START--
INFO: Run Behavior\BuildLiteBehavior [ RunTime:0.000014s ]
INFO: [ app_init ] --END-- [ RunTime:0.000388s ]
ERR: 无法加载模块:Public

[ 2017-09-18T10:58:07+08:00 ] 127.0.0.1 /Public/home/images/img_12-12.jpg
INFO: [ app_init ] --START--
INFO: Run Behavior\BuildLiteBehavior [ RunTime:0.000026s ]
INFO: [ app_init ] --END-- [ RunTime:0.000613s ]
ERR: 无法加载模块:Public

[ 2017-09-18T10:58:24+08:00 ] 127.0.0.1 /Public/home/images/img_12-12.jpg
INFO: [ app_init ] --START--
INFO: Run Behavior\BuildLiteBehavior [ RunTime:0.000019s ]
INFO: [ app_init ] --END-- [ RunTime:0.001025s ]
ERR: 无法加载模块:Public

[ 2017-09-18T10:58:54+08:00 ] 127.0.0.1 /Public/home/images/img_12-12.jpg
INFO: [ app_init ] --START--
INFO: Run Behavior\BuildLiteBehavior [ RunTime:0.000019s ]
INFO: [ app_init ] --END-- [ RunTime:0.000439s ]
ERR: 无法加载模块:Public

[ 2017-09-18T11:00:04+08:00 ] 127.0.0.1 /Public/home/images/img_12-12.jpg
INFO: [ app_init ] --START--
INFO: Run Behavior\BuildLiteBehavior [ RunTime:0.000020s ]
INFO: [ app_init ] --END-- [ RunTime:0.000464s ]
ERR: 无法加载模块:Public

[ 2017-09-18T11:00:57+08:00 ] 127.0.0.1 /Public/home/images/img_12-12.jpg
INFO: [ app_init ] --START--
INFO: Run Behavior\BuildLiteBehavior [ RunTime:0.000019s ]
INFO: [ app_init ] --END-- [ RunTime:0.000464s ]
ERR: 无法加载模块:Public

[ 2017-09-18T11:01:48+08:00 ] 127.0.0.1 /Public/home/images/img_12-12.jpg
INFO: [ app_init ] --START--
INFO: Run Behavior\BuildLiteBehavior [ RunTime:0.000020s ]
INFO: [ app_init ] --END-- [ RunTime:0.000488s ]
ERR: 无法加载模块:Public

[ 2017-09-18T11:02:25+08:00 ] 127.0.0.1 /Public/home/images/img_12-12.jpg
INFO: [ app_init ] --START--
INFO: Run Behavior\BuildLiteBehavior [ RunTime:0.000018s ]
INFO: [ app_init ] --END-- [ RunTime:0.000445s ]
ERR: 无法加载模块:Public

[ 2017-09-18T11:03:47+08:00 ] 127.0.0.1 /Public/home/images/img_12-12.jpg
INFO: [ app_init ] --START--
INFO: Run Behavior\BuildLiteBehavior [ RunTime:0.000038s ]
INFO: [ app_init ] --END-- [ RunTime:0.000963s ]
ERR: 无法加载模块:Public

[ 2017-09-18T11:03:55+08:00 ] 127.0.0.1 /Public/home/images/img_12-12.jpg
INFO: [ app_init ] --START--
INFO: Run Behavior\BuildLiteBehavior [ RunTime:0.000024s ]
INFO: [ app_init ] --END-- [ RunTime:0.000580s ]
ERR: 无法加载模块:Public

[ 2017-09-18T11:05:44+08:00 ] 127.0.0.1 /Public/home/images/img_12-12.jpg
INFO: [ app_init ] --START--
INFO: Run Behavior\BuildLiteBehavior [ RunTime:0.000027s ]
INFO: [ app_init ] --END-- [ RunTime:0.000773s ]
ERR: 无法加载模块:Public

[ 2017-09-18T11:06:01+08:00 ] 127.0.0.1 /Public/home/images/img_12-12.jpg
INFO: [ app_init ] --START--
INFO: Run Behavior\BuildLiteBehavior [ RunTime:0.000017s ]
INFO: [ app_init ] --END-- [ RunTime:0.000403s ]
ERR: 无法加载模块:Public

[ 2017-09-18T11:08:29+08:00 ] 127.0.0.1 /Public/home/images/img_12-12.jpg
INFO: [ app_init ] --START--
INFO: Run Behavior\BuildLiteBehavior [ RunTime:0.000015s ]
INFO: [ app_init ] --END-- [ RunTime:0.000367s ]
ERR: 无法加载模块:Public

[ 2017-09-18T11:09:26+08:00 ] 127.0.0.1 /Public/home/images/img_12-12.jpg
INFO: [ app_init ] --START--
INFO: Run Behavior\BuildLiteBehavior [ RunTime:0.000024s ]
INFO: [ app_init ] --END-- [ RunTime:0.000599s ]
ERR: 无法加载模块:Public

[ 2017-09-18T11:10:31+08:00 ] 127.0.0.1 /Public/home/images/img_12-12.jpg
INFO: [ app_init ] --START--
INFO: Run Behavior\BuildLiteBehavior [ RunTime:0.000016s ]
INFO: [ app_init ] --END-- [ RunTime:0.000390s ]
ERR: 无法加载模块:Public

[ 2017-09-18T11:10:31+08:00 ] 127.0.0.1 /Public/home/images/img_12-12.jpg
INFO: [ app_init ] --START--
INFO: Run Behavior\BuildLiteBehavior [ RunTime:0.000025s ]
INFO: [ app_init ] --END-- [ RunTime:0.000727s ]
ERR: 无法加载模块:Public

[ 2017-09-18T11:10:47+08:00 ] 127.0.0.1 /Public/home/images/img_12-12.jpg
INFO: [ app_init ] --START--
INFO: Run Behavior\BuildLiteBehavior [ RunTime:0.000023s ]
INFO: [ app_init ] --END-- [ RunTime:0.000557s ]
ERR: 无法加载模块:Public

[ 2017-09-18T11:13:04+08:00 ] 127.0.0.1 /Public/bdimg.share.baidu.com/static/api/js/share.js?v=89860593.js?cdnversion=418250
INFO: [ app_init ] --START--
INFO: Run Behavior\BuildLiteBehavior [ RunTime:0.000034s ]
INFO: [ app_init ] --END-- [ RunTime:0.000597s ]
ERR: 无法加载模块:Public

[ 2017-09-18T11:19:36+08:00 ] 127.0.0.1 /Public/home/images/img_12-12.jpg
INFO: [ app_init ] --START--
INFO: Run Behavior\BuildLiteBehavior [ RunTime:0.000016s ]
INFO: [ app_init ] --END-- [ RunTime:0.000410s ]
ERR: 无法加载模块:Public

[ 2017-09-18T11:19:40+08:00 ] 127.0.0.1 /register.jsp
INFO: [ app_init ] --START--
INFO: Run Behavior\BuildLiteBehavior [ RunTime:0.000014s ]
INFO: [ app_init ] --END-- [ RunTime:0.000347s ]
ERR: 无法加载模块:Register

[ 2017-09-18T11:19:41+08:00 ] 127.0.0.1 /Public/home/images/img_12-12.jpg
INFO: [ app_init ] --START--
INFO: Run Behavior\BuildLiteBehavior [ RunTime:0.000021s ]
INFO: [ app_init ] --END-- [ RunTime:0.000511s ]
ERR: 无法加载模块:Public

[ 2017-09-18T11:28:02+08:00 ] 127.0.0.1 /Public/bdimg.share.baidu.com/static/api/js/share.js?v=89860593.js?cdnversion=418250
INFO: [ app_init ] --START--
INFO: Run Behavior\BuildLiteBehavior [ RunTime:0.000020s ]
INFO: [ app_init ] --END-- [ RunTime:0.000522s ]
ERR: 无法加载模块:Public

[ 2017-09-18T11:28:22+08:00 ] 127.0.0.1 /Public/home/images/img_12-12.jpg
INFO: [ app_init ] --START--
INFO: Run Behavior\BuildLiteBehavior [ RunTime:0.000018s ]
INFO: [ app_init ] --END-- [ RunTime:0.000431s ]
ERR: 无法加载模块:Public

[ 2017-09-18T11:28:52+08:00 ] 127.0.0.1 /Public/bdimg.share.baidu.com/static/api/js/share.js?v=89860593.js?cdnversion=418250
INFO: [ app_init ] --START--
INFO: Run Behavior\BuildLiteBehavior [ RunTime:0.000020s ]
INFO: [ app_init ] --END-- [ RunTime:0.000435s ]
ERR: 无法加载模块:Public

[ 2017-09-18T11:30:00+08:00 ] 127.0.0.1 /Public/bdimg.share.baidu.com/static/api/js/share.js?v=89860593.js?cdnversion=418250
INFO: [ app_init ] --START--
INFO: Run Behavior\BuildLiteBehavior [ RunTime:0.000031s ]
INFO: [ app_init ] --END-- [ RunTime:0.000766s ]
ERR: 无法加载模块:Public

[ 2017-09-18T11:30:03+08:00 ] 127.0.0.1 /Public/bdimg.share.baidu.com/static/api/js/share.js?v=89860593.js?cdnversion=418250
INFO: [ app_init ] --START--
INFO: Run Behavior\BuildLiteBehavior [ RunTime:0.000015s ]
INFO: [ app_init ] --END-- [ RunTime:0.000407s ]
ERR: 无法加载模块:Public

[ 2017-09-18T11:30:09+08:00 ] 127.0.0.1 /Public/bdimg.share.baidu.com/static/api/js/share.js?v=89860593.js?cdnversion=418250
INFO: [ app_init ] --START--
INFO: Run Behavior\BuildLiteBehavior [ RunTime:0.000029s ]
INFO: [ app_init ] --END-- [ RunTime:0.000606s ]
ERR: 无法加载模块:Public

[ 2017-09-18T11:30:15+08:00 ] 127.0.0.1 /Public/bdimg.share.baidu.com/static/api/js/share.js?v=89860593.js?cdnversion=418250
INFO: [ app_init ] --START--
INFO: Run Behavior\BuildLiteBehavior [ RunTime:0.000017s ]
INFO: [ app_init ] --END-- [ RunTime:0.000454s ]
ERR: 无法加载模块:Public

[ 2017-09-18T11:31:18+08:00 ] 127.0.0.1 /Public/bdimg.share.baidu.com/static/api/js/share.js?v=89860593.js?cdnversion=418250
INFO: [ app_init ] --START--
INFO: Run Behavior\BuildLiteBehavior [ RunTime:0.000037s ]
INFO: [ app_init ] --END-- [ RunTime:0.000776s ]
ERR: 无法加载模块:Public

[ 2017-09-18T11:32:40+08:00 ] 127.0.0.1 /Public/bdimg.share.baidu.com/static/api/js/share.js?v=89860593.js?cdnversion=418250
INFO: [ app_init ] --START--
INFO: Run Behavior\BuildLiteBehavior [ RunTime:0.000015s ]
INFO: [ app_init ] --END-- [ RunTime:0.000378s ]
ERR: 无法加载模块:Public

[ 2017-09-18T11:32:43+08:00 ] 127.0.0.1 /Public/bdimg.share.baidu.com/static/api/js/share.js?v=89860593.js?cdnversion=418250
INFO: [ app_init ] --START--
INFO: Run Behavior\BuildLiteBehavior [ RunTime:0.000029s ]
INFO: [ app_init ] --END-- [ RunTime:0.000704s ]
ERR: 无法加载模块:Public

[ 2017-09-18T11:34:05+08:00 ] 127.0.0.1 /Public/bdimg.share.baidu.com/static/api/js/share.js?v=89860593.js?cdnversion=418250
INFO: [ app_init ] --START--
INFO: Run Behavior\BuildLiteBehavior [ RunTime:0.000017s ]
INFO: [ app_init ] --END-- [ RunTime:0.000392s ]
ERR: 无法加载模块:Public

[ 2017-09-18T11:34:21+08:00 ] 127.0.0.1 /Public/home/images/img_12-12.jpg
INFO: [ app_init ] --START--
INFO: Run Behavior\BuildLiteBehavior [ RunTime:0.000029s ]
INFO: [ app_init ] --END-- [ RunTime:0.002086s ]
ERR: 无法加载模块:Public

[ 2017-09-18T11:35:39+08:00 ] 127.0.0.1 /Public/home/images/img_12-12.jpg
INFO: [ app_init ] --START--
INFO: Run Behavior\BuildLiteBehavior [ RunTime:0.000031s ]
INFO: [ app_init ] --END-- [ RunTime:0.000812s ]
ERR: 无法加载模块:Public

[ 2017-09-18T11:35:42+08:00 ] 127.0.0.1 /Public/bdimg.share.baidu.com/static/api/js/share.js?v=89860593.js?cdnversion=418250
INFO: [ app_init ] --START--
INFO: Run Behavior\BuildLiteBehavior [ RunTime:0.000026s ]
INFO: [ app_init ] --END-- [ RunTime:0.000842s ]
ERR: 无法加载模块:Public

[ 2017-09-18T11:35:53+08:00 ] 127.0.0.1 /Public/home/images/img_12-12.jpg
INFO: [ app_init ] --START--
INFO: Run Behavior\BuildLiteBehavior [ RunTime:0.000028s ]
INFO: [ app_init ] --END-- [ RunTime:0.000897s ]
ERR: 无法加载模块:Public

[ 2017-09-18T11:36:22+08:00 ] 127.0.0.1 /Public/home/images/img_12-12.jpg
INFO: [ app_init ] --START--
INFO: Run Behavior\BuildLiteBehavior [ RunTime:0.000045s ]
INFO: [ app_init ] --END-- [ RunTime:0.000951s ]
ERR: 无法加载模块:Public

[ 2017-09-18T11:36:57+08:00 ] 127.0.0.1 /Public/home/images/img_12-12.jpg
INFO: [ app_init ] --START--
INFO: Run Behavior\BuildLiteBehavior [ RunTime:0.000025s ]
INFO: [ app_init ] --END-- [ RunTime:0.000624s ]
ERR: 无法加载模块:Public

[ 2017-09-18T11:38:40+08:00 ] 127.0.0.1 /Public/home/images/img_12-12.jpg
INFO: [ app_init ] --START--
INFO: Run Behavior\BuildLiteBehavior [ RunTime:0.000038s ]
INFO: [ app_init ] --END-- [ RunTime:0.000862s ]
ERR: 无法加载模块:Public

[ 2017-09-18T11:39:07+08:00 ] 127.0.0.1 /Public/bdimg.share.baidu.com/static/api/js/share.js?v=89860593.js?cdnversion=418250
INFO: [ app_init ] --START--
INFO: Run Behavior\BuildLiteBehavior [ RunTime:0.000045s ]
INFO: [ app_init ] --END-- [ RunTime:0.000995s ]
ERR: 无法加载模块:Public

[ 2017-09-18T11:40:04+08:00 ] 127.0.0.1 /Public/bdimg.share.baidu.com/static/api/js/share.js?v=89860593.js?cdnversion=418250
INFO: [ app_init ] --START--
INFO: Run Behavior\BuildLiteBehavior [ RunTime:0.000041s ]
INFO: [ app_init ] --END-- [ RunTime:0.000957s ]
ERR: 无法加载模块:Public

[ 2017-09-18T11:41:14+08:00 ] 127.0.0.1 /Public/bdimg.share.baidu.com/static/api/js/share.js?v=89860593.js?cdnversion=418250
INFO: [ app_init ] --START--
INFO: Run Behavior\BuildLiteBehavior [ RunTime:0.000041s ]
INFO: [ app_init ] --END-- [ RunTime:0.000707s ]
ERR: 无法加载模块:Public

[ 2017-09-18T11:41:19+08:00 ] 127.0.0.1 /Public/home/index.html?act=morelist&page=2
INFO: [ app_init ] --START--
INFO: Run Behavior\BuildLiteBehavior [ RunTime:0.000016s ]
INFO: [ app_init ] --END-- [ RunTime:0.000380s ]
ERR: 无法加载模块:Public

[ 2017-09-18T11:41:42+08:00 ] 127.0.0.1 /Public/home/home.html
INFO: [ app_init ] --START--
INFO: Run Behavior\BuildLiteBehavior [ RunTime:0.000028s ]
INFO: [ app_init ] --END-- [ RunTime:0.000660s ]
ERR: 无法加载模块:Public

[ 2017-09-18T11:42:50+08:00 ] 127.0.0.1 /Public/bdimg.share.baidu.com/static/api/js/share.js?v=89860593.js?cdnversion=418250
INFO: [ app_init ] --START--
INFO: Run Behavior\BuildLiteBehavior [ RunTime:0.000020s ]
INFO: [ app_init ] --END-- [ RunTime:0.000466s ]
ERR: 无法加载模块:Public

[ 2017-09-18T11:43:10+08:00 ] 127.0.0.1 /Public/home/index.html
INFO: [ app_init ] --START--
INFO: Run Behavior\BuildLiteBehavior [ RunTime:0.000017s ]
INFO: [ app_init ] --END-- [ RunTime:0.000494s ]
ERR: 无法加载模块:Public

[ 2017-09-18T11:43:57+08:00 ] 127.0.0.1 /Public/bdimg.share.baidu.com/static/api/js/share.js?v=89860593.js?cdnversion=418250
INFO: [ app_init ] --START--
INFO: Run Behavior\BuildLiteBehavior [ RunTime:0.000034s ]
INFO: [ app_init ] --END-- [ RunTime:0.000711s ]
ERR: 无法加载模块:Public

[ 2017-09-18T11:43:59+08:00 ] 127.0.0.1 /Public/bdimg.share.baidu.com/static/api/js/share.js?v=89860593.js?cdnversion=418250
INFO: [ app_init ] --START--
INFO: Run Behavior\BuildLiteBehavior [ RunTime:0.000022s ]
INFO: [ app_init ] --END-- [ RunTime:0.000560s ]
ERR: 无法加载模块:Public

[ 2017-09-18T11:44:00+08:00 ] 127.0.0.1 /Public/bdimg.share.baidu.com/static/api/js/share.js?v=89860593.js?cdnversion=418250
INFO: [ app_init ] --START--
INFO: Run Behavior\BuildLiteBehavior [ RunTime:0.000023s ]
INFO: [ app_init ] --END-- [ RunTime:0.000465s ]
ERR: 无法加载模块:Public

[ 2017-09-18T11:49:22+08:00 ] 127.0.0.1 /Public/bdimg.share.baidu.com/static/api/js/share.js?v=89860593.js?cdnversion=418250
INFO: [ app_init ] --START--
INFO: Run Behavior\BuildLiteBehavior [ RunTime:0.000023s ]
INFO: [ app_init ] --END-- [ RunTime:0.000427s ]
ERR: 无法加载模块:Public

[ 2017-09-18T11:50:28+08:00 ] 127.0.0.1 /Public/bdimg.share.baidu.com/static/api/js/share.js?v=89860593.js?cdnversion=418250
INFO: [ app_init ] --START--
INFO: Run Behavior\BuildLiteBehavior [ RunTime:0.000019s ]
INFO: [ app_init ] --END-- [ RunTime:0.000513s ]
ERR: 无法加载模块:Public

[ 2017-09-18T11:52:16+08:00 ] 127.0.0.1 /Public/bdimg.share.baidu.com/static/api/js/share.js?v=89860593.js?cdnversion=418250
INFO: [ app_init ] --START--
INFO: Run Behavior\BuildLiteBehavior [ RunTime:0.000029s ]
INFO: [ app_init ] --END-- [ RunTime:0.000674s ]
ERR: 无法加载模块:Public

[ 2017-09-18T11:54:22+08:00 ] 127.0.0.1 /Public/bdimg.share.baidu.com/static/api/js/share.js?v=89860593.js?cdnversion=418250
INFO: [ app_init ] --START--
INFO: Run Behavior\BuildLiteBehavior [ RunTime:0.000023s ]
INFO: [ app_init ] --END-- [ RunTime:0.000588s ]
ERR: 无法加载模块:Public

[ 2017-09-18T11:54:31+08:00 ] 127.0.0.1 /Public/www.paidai.com/?id=1_2F
INFO: [ app_init ] --START--
INFO: Run Behavior\BuildLiteBehavior [ RunTime:0.000017s ]
INFO: [ app_init ] --END-- [ RunTime:0.000449s ]
ERR: 无法加载模块:Public

[ 2017-09-18T11:55:40+08:00 ] 127.0.0.1 /Public/bdimg.share.baidu.com/static/api/js/share.js?v=89860593.js?cdnversion=418250
INFO: [ app_init ] --START--
INFO: Run Behavior\BuildLiteBehavior [ RunTime:0.000034s ]
INFO: [ app_init ] --END-- [ RunTime:0.000724s ]
ERR: 无法加载模块:Public

[ 2017-09-18T11:55:44+08:00 ] 127.0.0.1 /Public/home/images/img_12-12.jpg
INFO: [ app_init ] --START--
INFO: Run Behavior\BuildLiteBehavior [ RunTime:0.000019s ]
INFO: [ app_init ] --END-- [ RunTime:0.000442s ]
ERR: 无法加载模块:Public

[ 2017-09-18T11:55:50+08:00 ] 127.0.0.1 /Public/home/index.html?act=follow
INFO: [ app_init ] --START--
INFO: Run Behavior\BuildLiteBehavior [ RunTime:0.000022s ]
INFO: [ app_init ] --END-- [ RunTime:0.000576s ]
ERR: 无法加载模块:Public

[ 2017-09-18T11:55:54+08:00 ] 127.0.0.1 /Public/home/index.html?act=hui
INFO: [ app_init ] --START--
INFO: Run Behavior\BuildLiteBehavior [ RunTime:0.000020s ]
INFO: [ app_init ] --END-- [ RunTime:0.000493s ]
ERR: 无法加载模块:Public

[ 2017-09-18T11:58:48+08:00 ] 127.0.0.1 /Public/bdimg.share.baidu.com/static/api/js/share.js?v=89860593.js?cdnversion=418250
INFO: [ app_init ] --START--
INFO: Run Behavior\BuildLiteBehavior [ RunTime:0.000043s ]
INFO: [ app_init ] --END-- [ RunTime:0.001389s ]
ERR: 无法加载模块:Public

[ 2017-09-18T12:16:52+08:00 ] 127.0.0.1 /Public/bdimg.share.baidu.com/static/api/js/share.js?v=89860593.js?cdnversion=418251
INFO: [ app_init ] --START--
INFO: Run Behavior\BuildLiteBehavior [ RunTime:0.000026s ]
INFO: [ app_init ] --END-- [ RunTime:0.001122s ]
ERR: 无法加载模块:Public

[ 2017-09-18T12:18:53+08:00 ] 127.0.0.1 /Public/home/event.html
INFO: [ app_init ] --START--
INFO: Run Behavior\BuildLiteBehavior [ RunTime:0.000024s ]
INFO: [ app_init ] --END-- [ RunTime:0.000577s ]
ERR: 无法加载模块:Public

[ 2017-09-18T12:19:35+08:00 ] 127.0.0.1 /Public/home/jobs.html
INFO: [ app_init ] --START--
INFO: Run Behavior\BuildLiteBehavior [ RunTime:0.000020s ]
INFO: [ app_init ] --END-- [ RunTime:0.000625s ]
ERR: 无法加载模块:Public

[ 2017-09-18T12:19:37+08:00 ] 127.0.0.1 /Public/home/event.html
INFO: [ app_init ] --START--
INFO: Run Behavior\BuildLiteBehavior [ RunTime:0.000016s ]
INFO: [ app_init ] --END-- [ RunTime:0.000365s ]
ERR: 无法加载模块:Public

[ 2017-09-18T12:19:40+08:00 ] 127.0.0.1 /Public/home/bbs.html
INFO: [ app_init ] --START--
INFO: Run Behavior\BuildLiteBehavior [ RunTime:0.000014s ]
INFO: [ app_init ] --END-- [ RunTime:0.000453s ]
ERR: 无法加载模块:Public

[ 2017-09-18T12:27:26+08:00 ] 127.0.0.1 /Public/bdimg.share.baidu.com/static/api/js/share.js?v=89860593.js?cdnversion=418251
INFO: [ app_init ] --START--
INFO: Run Behavior\BuildLiteBehavior [ RunTime:0.000033s ]
INFO: [ app_init ] --END-- [ RunTime:0.000881s ]
ERR: 无法加载模块:Public

[ 2017-09-18T12:27:42+08:00 ] 127.0.0.1 /Public/bdimg.share.baidu.com/static/api/js/share.js?v=89860593.js?cdnversion=418251
INFO: [ app_init ] --START--
INFO: Run Behavior\BuildLiteBehavior [ RunTime:0.000024s ]
INFO: [ app_init ] --END-- [ RunTime:0.000602s ]
ERR: 无法加载模块:Public

[ 2017-09-18T12:28:01+08:00 ] 127.0.0.1 /Public/bdimg.share.baidu.com/static/api/js/share.js?v=89860593.js?cdnversion=418251
INFO: [ app_init ] --START--
INFO: Run Behavior\BuildLiteBehavior [ RunTime:0.000025s ]
INFO: [ app_init ] --END-- [ RunTime:0.000684s ]
ERR: 无法加载模块:Public

[ 2017-09-18T13:58:18+08:00 ] 127.0.0.1 /Public/bdimg.share.baidu.com/static/api/js/share.js?v=89860593.js?cdnversion=418252
INFO: [ app_init ] --START--
INFO: Run Behavior\BuildLiteBehavior [ RunTime:0.000026s ]
INFO: [ app_init ] --END-- [ RunTime:0.000794s ]
ERR: 无法加载模块:Public

[ 2017-09-18T13:58:32+08:00 ] 127.0.0.1 /Public/home/index.html?act=morelist&page=2
INFO: [ app_init ] --START--
INFO: Run Behavior\BuildLiteBehavior [ RunTime:0.000016s ]
INFO: [ app_init ] --END-- [ RunTime:0.000577s ]
ERR: 无法加载模块:Public

[ 2017-09-18T14:13:33+08:00 ] 127.0.0.1 /Public/bdimg.share.baidu.com/static/api/js/share.js?v=89860593.js?cdnversion=418253
INFO: [ app_init ] --START--
INFO: Run Behavior\BuildLiteBehavior [ RunTime:0.000035s ]
INFO: [ app_init ] --END-- [ RunTime:0.000753s ]
ERR: 无法加载模块:Public

[ 2017-09-18T14:15:51+08:00 ] 127.0.0.1 /Public/bdimg.share.baidu.com/static/api/js/share.js?v=89860593.js?cdnversion=418253
INFO: [ app_init ] --START--
INFO: Run Behavior\BuildLiteBehavior [ RunTime:0.000024s ]
INFO: [ app_init ] --END-- [ RunTime:0.000688s ]
ERR: 无法加载模块:Public

[ 2017-09-18T14:18:25+08:00 ] 127.0.0.1 /Public/bdimg.share.baidu.com/static/api/js/share.js?v=89860593.js?cdnversion=418253
INFO: [ app_init ] --START--
INFO: Run Behavior\BuildLiteBehavior [ RunTime:0.000027s ]
INFO: [ app_init ] --END-- [ RunTime:0.000827s ]
ERR: 无法加载模块:Public

[ 2017-09-18T14:18:52+08:00 ] 127.0.0.1 /Public/bdimg.share.baidu.com/static/api/js/share.js?v=89860593.js?cdnversion=418253
INFO: [ app_init ] --START--
INFO: Run Behavior\BuildLiteBehavior [ RunTime:0.000032s ]
INFO: [ app_init ] --END-- [ RunTime:0.000753s ]
ERR: 无法加载模块:Public

[ 2017-09-18T14:26:12+08:00 ] 127.0.0.1 /Public/bdimg.share.baidu.com/static/api/js/share.js?v=89860593.js?cdnversion=418253
INFO: [ app_init ] --START--
INFO: Run Behavior\BuildLiteBehavior [ RunTime:0.000023s ]
INFO: [ app_init ] --END-- [ RunTime:0.000639s ]
ERR: 无法加载模块:Public

[ 2017-09-18T14:28:17+08:00 ] 127.0.0.1 /Public/bdimg.share.baidu.com/static/api/js/share.js?v=89860593.js?cdnversion=418253
INFO: [ app_init ] --START--
INFO: Run Behavior\BuildLiteBehavior [ RunTime:0.000024s ]
INFO: [ app_init ] --END-- [ RunTime:0.000701s ]
ERR: 无法加载模块:Public

[ 2017-09-18T14:33:17+08:00 ] 127.0.0.1 /Public/bdimg.share.baidu.com/static/api/js/share.js?v=89860593.js?cdnversion=418253
INFO: [ app_init ] --START--
INFO: Run Behavior\BuildLiteBehavior [ RunTime:0.000031s ]
INFO: [ app_init ] --END-- [ RunTime:0.000960s ]
ERR: 无法加载模块:Public

[ 2017-09-18T14:34:43+08:00 ] 127.0.0.1 /Public/bdimg.share.baidu.com/static/api/js/share.js?v=89860593.js?cdnversion=418253
INFO: [ app_init ] --START--
INFO: Run Behavior\BuildLiteBehavior [ RunTime:0.000019s ]
INFO: [ app_init ] --END-- [ RunTime:0.000439s ]
ERR: 无法加载模块:Public

[ 2017-09-18T14:35:22+08:00 ] 127.0.0.1 /Public/bdimg.share.baidu.com/static/api/js/share.js?v=89860593.js?cdnversion=418253
INFO: [ app_init ] --START--
INFO: Run Behavior\BuildLiteBehavior [ RunTime:0.000019s ]
INFO: [ app_init ] --END-- [ RunTime:0.000455s ]
ERR: 无法加载模块:Public

[ 2017-09-18T14:35:51+08:00 ] 127.0.0.1 /Public/home/home.html
INFO: [ app_init ] --START--
INFO: Run Behavior\BuildLiteBehavior [ RunTime:0.000016s ]
INFO: [ app_init ] --END-- [ RunTime:0.000484s ]
ERR: 无法加载模块:Public

[ 2017-09-18T14:38:18+08:00 ] 127.0.0.1 /Public/home/index.html?act=gan
INFO: [ app_init ] --START--
INFO: Run Behavior\BuildLiteBehavior [ RunTime:0.000032s ]
INFO: [ app_init ] --END-- [ RunTime:0.000760s ]
ERR: 无法加载模块:Public

[ 2017-09-18T14:40:01+08:00 ] 127.0.0.1 /Public/bdimg.share.baidu.com/static/api/js/share.js?v=89860593.js?cdnversion=418253
INFO: [ app_init ] --START--
INFO: Run Behavior\BuildLiteBehavior [ RunTime:0.000116s ]
INFO: [ app_init ] --END-- [ RunTime:0.001518s ]
ERR: 无法加载模块:Public

[ 2017-09-18T14:40:18+08:00 ] 127.0.0.1 /Public/bdimg.share.baidu.com/static/api/js/share.js?v=89860593.js?cdnversion=418253
INFO: [ app_init ] --START--
INFO: Run Behavior\BuildLiteBehavior [ RunTime:0.000017s ]
INFO: [ app_init ] --END-- [ RunTime:0.000544s ]
ERR: 无法加载模块:Public

[ 2017-09-18T14:42:02+08:00 ] 127.0.0.1 /Public/home/fav.html?act=show&id=328031
INFO: [ app_init ] --START--
INFO: Run Behavior\BuildLiteBehavior [ RunTime:0.000023s ]
INFO: [ app_init ] --END-- [ RunTime:0.000561s ]
ERR: 无法加载模块:Public

[ 2017-09-18T14:43:40+08:00 ] 127.0.0.1 /Public/bdimg.share.baidu.com/static/api/js/share.js?v=89860593.js?cdnversion=418253
INFO: [ app_init ] --START--
INFO: Run Behavior\BuildLiteBehavior [ RunTime:0.000016s ]
INFO: [ app_init ] --END-- [ RunTime:0.000494s ]
ERR: 无法加载模块:Public

[ 2017-09-18T14:50:02+08:00 ] 127.0.0.1 /Public/bdimg.share.baidu.com/static/api/js/share.js?v=89860593.js?cdnversion=418253
INFO: [ app_init ] --START--
INFO: Run Behavior\BuildLiteBehavior [ RunTime:0.000027s ]
INFO: [ app_init ] --END-- [ RunTime:0.000681s ]
ERR: 无法加载模块:Public

[ 2017-09-18T14:50:09+08:00 ] 127.0.0.1 /Public/home/images/img_12-12.jpg
INFO: [ app_init ] --START--
INFO: Run Behavior\BuildLiteBehavior [ RunTime:0.000016s ]
INFO: [ app_init ] --END-- [ RunTime:0.000375s ]
ERR: 无法加载模块:Public

[ 2017-09-18T14:50:16+08:00 ] 127.0.0.1 /Public/bdimg.share.baidu.com/static/api/js/share.js?v=89860593.js?cdnversion=418253
INFO: [ app_init ] --START--
INFO: Run Behavior\BuildLiteBehavior [ RunTime:0.000025s ]
INFO: [ app_init ] --END-- [ RunTime:0.000647s ]
ERR: 无法加载模块:Public

[ 2017-09-18T14:51:15+08:00 ] 127.0.0.1 /Public/bdimg.share.baidu.com/static/api/js/share.js?v=89860593.js?cdnversion=418253
INFO: [ app_init ] --START--
INFO: Run Behavior\BuildLiteBehavior [ RunTime:0.000019s ]
INFO: [ app_init ] --END-- [ RunTime:0.000632s ]
ERR: 无法加载模块:Public

[ 2017-09-18T14:51:29+08:00 ] 127.0.0.1 /Public/bdimg.share.baidu.com/static/api/js/share.js?v=89860593.js?cdnversion=418253
INFO: [ app_init ] --START--
INFO: Run Behavior\BuildLiteBehavior [ RunTime:0.000033s ]
INFO: [ app_init ] --END-- [ RunTime:0.001832s ]
ERR: 无法加载模块:Public

[ 2017-09-18T14:51:31+08:00 ] 127.0.0.1 /Public/bdimg.share.baidu.com/static/api/js/share.js?v=89860593.js?cdnversion=418253
INFO: [ app_init ] --START--
INFO: Run Behavior\BuildLiteBehavior [ RunTime:0.000028s ]
INFO: [ app_init ] --END-- [ RunTime:0.000668s ]
ERR: 无法加载模块:Public

[ 2017-09-18T14:53:40+08:00 ] 127.0.0.1 /Public/bdimg.share.baidu.com/static/api/js/share.js?v=89860593.js?cdnversion=418253
INFO: [ app_init ] --START--
INFO: Run Behavior\BuildLiteBehavior [ RunTime:0.000028s ]
INFO: [ app_init ] --END-- [ RunTime:0.000620s ]
ERR: 无法加载模块:Public

[ 2017-09-18T14:54:14+08:00 ] 127.0.0.1 /Public/bdimg.share.baidu.com/static/api/js/share.js?v=89860593.js?cdnversion=418253
INFO: [ app_init ] --START--
INFO: Run Behavior\BuildLiteBehavior [ RunTime:0.000032s ]
INFO: [ app_init ] --END-- [ RunTime:0.000720s ]
ERR: 无法加载模块:Public

[ 2017-09-18T14:54:15+08:00 ] 127.0.0.1 /Public/bdimg.share.baidu.com/static/api/js/share.js?v=89860593.js?cdnversion=418253
INFO: [ app_init ] --START--
INFO: Run Behavior\BuildLiteBehavior [ RunTime:0.000025s ]
INFO: [ app_init ] --END-- [ RunTime:0.000474s ]
ERR: 无法加载模块:Public

[ 2017-09-18T14:54:15+08:00 ] 127.0.0.1 /Public/bdimg.share.baidu.com/static/api/js/share.js?v=89860593.js?cdnversion=418253
INFO: [ app_init ] --START--
INFO: Run Behavior\BuildLiteBehavior [ RunTime:0.000030s ]
INFO: [ app_init ] --END-- [ RunTime:0.000725s ]
ERR: 无法加载模块:Public

[ 2017-09-18T14:55:05+08:00 ] 127.0.0.1 /Public/bdimg.share.baidu.com/static/api/js/share.js?v=89860593.js?cdnversion=418253
INFO: [ app_init ] --START--
INFO: Run Behavior\BuildLiteBehavior [ RunTime:0.000019s ]
INFO: [ app_init ] --END-- [ RunTime:0.000458s ]
ERR: 无法加载模块:Public

[ 2017-09-18T14:59:10+08:00 ] 127.0.0.1 /Public/bdimg.share.baidu.com/static/api/js/share.js?v=89860593.js?cdnversion=418253
INFO: [ app_init ] --START--
INFO: Run Behavior\BuildLiteBehavior [ RunTime:0.000027s ]
INFO: [ app_init ] --END-- [ RunTime:0.000714s ]
ERR: 无法加载模块:Public

[ 2017-09-18T15:01:31+08:00 ] 127.0.0.1 /Public/bdimg.share.baidu.com/static/api/js/share.js?v=89860593.js?cdnversion=418254
INFO: [ app_init ] --START--
INFO: Run Behavior\BuildLiteBehavior [ RunTime:0.000138s ]
INFO: [ app_init ] --END-- [ RunTime:0.002106s ]
ERR: 无法加载模块:Public

[ 2017-09-18T15:04:37+08:00 ] 127.0.0.1 /Public/bdimg.share.baidu.com/static/api/js/share.js?v=89860593.js?cdnversion=418254
INFO: [ app_init ] --START--
INFO: Run Behavior\BuildLiteBehavior [ RunTime:0.000024s ]
INFO: [ app_init ] --END-- [ RunTime:0.000592s ]
ERR: 无法加载模块:Public

[ 2017-09-18T15:04:47+08:00 ] 127.0.0.1 /Public/home/bbsdata.html?act=reone&id=2277544
INFO: [ app_init ] --START--
INFO: Run Behavior\BuildLiteBehavior [ RunTime:0.000020s ]
INFO: [ app_init ] --END-- [ RunTime:0.000654s ]
ERR: 无法加载模块:Public

[ 2017-09-18T15:05:52+08:00 ] 127.0.0.1 /Public/bdimg.share.baidu.com/static/api/js/share.js?v=89860593.js?cdnversion=418254
INFO: [ app_init ] --START--
INFO: Run Behavior\BuildLiteBehavior [ RunTime:0.000078s ]
INFO: [ app_init ] --END-- [ RunTime:0.001383s ]
ERR: 无法加载模块:Public

[ 2017-09-18T15:05:56+08:00 ] 127.0.0.1 /Public/home/bbsdata.html?act=reone&id=2277544
INFO: [ app_init ] --START--
INFO: Run Behavior\BuildLiteBehavior [ RunTime:0.000015s ]
INFO: [ app_init ] --END-- [ RunTime:0.000352s ]
ERR: 无法加载模块:Public

[ 2017-09-18T15:06:17+08:00 ] 127.0.0.1 /Public/bdimg.share.baidu.com/static/api/js/share.js?v=89860593.js?cdnversion=418254
INFO: [ app_init ] --START--
INFO: Run Behavior\BuildLiteBehavior [ RunTime:0.000029s ]
INFO: [ app_init ] --END-- [ RunTime:0.000661s ]
ERR: 无法加载模块:Public

[ 2017-09-18T15:12:15+08:00 ] 127.0.0.1 /Public/bdimg.share.baidu.com/static/api/js/share.js?v=89860593.js?cdnversion=418254
INFO: [ app_init ] --START--
INFO: Run Behavior\BuildLiteBehavior [ RunTime:0.000038s ]
INFO: [ app_init ] --END-- [ RunTime:0.000907s ]
ERR: 无法加载模块:Public

[ 2017-09-18T15:12:24+08:00 ] 127.0.0.1 /Public/bdimg.share.baidu.com/static/api/js/share.js?v=89860593.js?cdnversion=418254
INFO: [ app_init ] --START--
INFO: Run Behavior\BuildLiteBehavior [ RunTime:0.000110s ]
INFO: [ app_init ] --END-- [ RunTime:0.002411s ]
ERR: 无法加载模块:Public

[ 2017-09-18T15:12:33+08:00 ] 127.0.0.1 /Public/bdimg.share.baidu.com/static/api/js/share.js?v=89860593.js?cdnversion=418254
INFO: [ app_init ] --START--
INFO: Run Behavior\BuildLiteBehavior [ RunTime:0.000020s ]
INFO: [ app_init ] --END-- [ RunTime:0.000594s ]
ERR: 无法加载模块:Public

[ 2017-09-18T15:12:38+08:00 ] 127.0.0.1 /Public/bdimg.share.baidu.com/static/api/js/share.js?v=89860593.js?cdnversion=418254
INFO: [ app_init ] --START--
INFO: Run Behavior\BuildLiteBehavior [ RunTime:0.000089s ]
INFO: [ app_init ] --END-- [ RunTime:0.001351s ]
ERR: 无法加载模块:Public

[ 2017-09-18T15:12:38+08:00 ] 127.0.0.1 /Public/bdimg.share.baidu.com/static/api/js/share.js?v=89860593.js?cdnversion=418254
INFO: [ app_init ] --START--
INFO: Run Behavior\BuildLiteBehavior [ RunTime:0.000083s ]
INFO: [ app_init ] --END-- [ RunTime:0.002451s ]
ERR: 无法加载模块:Public

[ 2017-09-18T15:12:39+08:00 ] 127.0.0.1 /Public/bdimg.share.baidu.com/static/api/js/share.js?v=89860593.js?cdnversion=418254
INFO: [ app_init ] --START--
INFO: Run Behavior\BuildLiteBehavior [ RunTime:0.000037s ]
INFO: [ app_init ] --END-- [ RunTime:0.000795s ]
ERR: 无法加载模块:Public

[ 2017-09-18T15:12:39+08:00 ] 127.0.0.1 /Public/bdimg.share.baidu.com/static/api/js/share.js?v=89860593.js?cdnversion=418254
INFO: [ app_init ] --START--
INFO: Run Behavior\BuildLiteBehavior [ RunTime:0.000025s ]
INFO: [ app_init ] --END-- [ RunTime:0.000645s ]
ERR: 无法加载模块:Public

[ 2017-09-18T15:12:56+08:00 ] 127.0.0.1 /Public/bdimg.share.baidu.com/static/api/js/share.js?v=89860593.js?cdnversion=418254
INFO: [ app_init ] --START--
INFO: Run Behavior\BuildLiteBehavior [ RunTime:0.000045s ]
INFO: [ app_init ] --END-- [ RunTime:0.000780s ]
ERR: 无法加载模块:Public

[ 2017-09-18T15:12:57+08:00 ] 127.0.0.1 /Public/bdimg.share.baidu.com/static/api/js/share.js?v=89860593.js?cdnversion=418254
INFO: [ app_init ] --START--
INFO: Run Behavior\BuildLiteBehavior [ RunTime:0.000029s ]
INFO: [ app_init ] --END-- [ RunTime:0.000709s ]
ERR: 无法加载模块:Public

[ 2017-09-18T15:12:57+08:00 ] 127.0.0.1 /Public/bdimg.share.baidu.com/static/api/js/share.js?v=89860593.js?cdnversion=418254
INFO: [ app_init ] --START--
INFO: Run Behavior\BuildLiteBehavior [ RunTime:0.000042s ]
INFO: [ app_init ] --END-- [ RunTime:0.000807s ]
ERR: 无法加载模块:Public

[ 2017-09-18T15:13:16+08:00 ] 127.0.0.1 /Public/bdimg.share.baidu.com/static/api/js/share.js?v=89860593.js?cdnversion=418254
INFO: [ app_init ] --START--
INFO: Run Behavior\BuildLiteBehavior [ RunTime:0.000028s ]
INFO: [ app_init ] --END-- [ RunTime:0.000715s ]
ERR: 无法加载模块:Public

[ 2017-09-18T15:14:01+08:00 ] 127.0.0.1 /Public/bdimg.share.baidu.com/static/api/js/share.js?v=89860593.js?cdnversion=418254
INFO: [ app_init ] --START--
INFO: Run Behavior\BuildLiteBehavior [ RunTime:0.000035s ]
INFO: [ app_init ] --END-- [ RunTime:0.000828s ]
ERR: 无法加载模块:Public

[ 2017-09-18T15:14:02+08:00 ] 127.0.0.1 /Public/bdimg.share.baidu.com/static/api/js/share.js?v=89860593.js?cdnversion=418254
INFO: [ app_init ] --START--
INFO: Run Behavior\BuildLiteBehavior [ RunTime:0.000029s ]
INFO: [ app_init ] --END-- [ RunTime:0.000632s ]
ERR: 无法加载模块:Public

[ 2017-09-18T15:14:03+08:00 ] 127.0.0.1 /Public/bdimg.share.baidu.com/static/api/js/share.js?v=89860593.js?cdnversion=418254
INFO: [ app_init ] --START--
INFO: Run Behavior\BuildLiteBehavior [ RunTime:0.000025s ]
INFO: [ app_init ] --END-- [ RunTime:0.000621s ]
ERR: 无法加载模块:Public

[ 2017-09-18T15:14:04+08:00 ] 127.0.0.1 /Public/bdimg.share.baidu.com/static/api/js/share.js?v=89860593.js?cdnversion=418254
INFO: [ app_init ] --START--
INFO: Run Behavior\BuildLiteBehavior [ RunTime:0.000024s ]
INFO: [ app_init ] --END-- [ RunTime:0.000587s ]
ERR: 无法加载模块:Public

[ 2017-09-18T15:14:42+08:00 ] 127.0.0.1 /Public/bdimg.share.baidu.com/static/api/js/share.js?v=89860593.js?cdnversion=418254
INFO: [ app_init ] --START--
INFO: Run Behavior\BuildLiteBehavior [ RunTime:0.000023s ]
INFO: [ app_init ] --END-- [ RunTime:0.000392s ]
ERR: 无法加载模块:Public

[ 2017-09-18T15:14:46+08:00 ] 127.0.0.1 /Public/bdimg.share.baidu.com/static/api/js/share.js?v=89860593.js?cdnversion=418254
INFO: [ app_init ] --START--
INFO: Run Behavior\BuildLiteBehavior [ RunTime:0.000029s ]
INFO: [ app_init ] --END-- [ RunTime:0.000548s ]
ERR: 无法加载模块:Public

[ 2017-09-18T15:14:54+08:00 ] 127.0.0.1 /Public/bdimg.share.baidu.com/static/api/js/share.js?v=89860593.js?cdnversion=418254
INFO: [ app_init ] --START--
INFO: Run Behavior\BuildLiteBehavior [ RunTime:0.000018s ]
INFO: [ app_init ] --END-- [ RunTime:0.000436s ]
ERR: 无法加载模块:Public

[ 2017-09-18T15:14:59+08:00 ] 127.0.0.1 /Public/bdimg.share.baidu.com/static/api/js/share.js?v=89860593.js?cdnversion=418254
INFO: [ app_init ] --START--
INFO: Run Behavior\BuildLiteBehavior [ RunTime:0.000025s ]
INFO: [ app_init ] --END-- [ RunTime:0.000664s ]
ERR: 无法加载模块:Public

[ 2017-09-18T15:15:08+08:00 ] 127.0.0.1 /Public/bdimg.share.baidu.com/static/api/js/share.js?v=89860593.js?cdnversion=418254
INFO: [ app_init ] --START--
INFO: Run Behavior\BuildLiteBehavior [ RunTime:0.000028s ]
INFO: [ app_init ] --END-- [ RunTime:0.000706s ]
ERR: 无法加载模块:Public

[ 2017-09-18T15:15:11+08:00 ] 127.0.0.1 /Public/bdimg.share.baidu.com/static/api/js/share.js?v=89860593.js?cdnversion=418254
INFO: [ app_init ] --START--
INFO: Run Behavior\BuildLiteBehavior [ RunTime:0.000029s ]
INFO: [ app_init ] --END-- [ RunTime:0.000732s ]
ERR: 无法加载模块:Public

[ 2017-09-18T15:15:31+08:00 ] 127.0.0.1 /Public/bdimg.share.baidu.com/static/api/js/share.js?v=89860593.js?cdnversion=418254
INFO: [ app_init ] --START--
INFO: Run Behavior\BuildLiteBehavior [ RunTime:0.000031s ]
INFO: [ app_init ] --END-- [ RunTime:0.000836s ]
ERR: 无法加载模块:Public

[ 2017-09-18T15:15:40+08:00 ] 127.0.0.1 /Public/bdimg.share.baidu.com/static/api/js/share.js?v=89860593.js?cdnversion=418254
INFO: [ app_init ] --START--
INFO: Run Behavior\BuildLiteBehavior [ RunTime:0.000022s ]
INFO: [ app_init ] --END-- [ RunTime:0.000677s ]
ERR: 无法加载模块:Public

[ 2017-09-18T15:15:48+08:00 ] 127.0.0.1 /Public/bdimg.share.baidu.com/static/api/js/share.js?v=89860593.js?cdnversion=418254
INFO: [ app_init ] --START--
INFO: Run Behavior\BuildLiteBehavior [ RunTime:0.000027s ]
INFO: [ app_init ] --END-- [ RunTime:0.000718s ]
ERR: 无法加载模块:Public

[ 2017-09-18T15:16:44+08:00 ] 127.0.0.1 /Public/bdimg.share.baidu.com/static/api/js/share.js?v=89860593.js?cdnversion=418254
INFO: [ app_init ] --START--
INFO: Run Behavior\BuildLiteBehavior [ RunTime:0.000022s ]
INFO: [ app_init ] --END-- [ RunTime:0.000576s ]
ERR: 无法加载模块:Public

[ 2017-09-18T15:19:03+08:00 ] 127.0.0.1 /Public/bdimg.share.baidu.com/static/api/js/share.js?v=89860593.js?cdnversion=418254
INFO: [ app_init ] --START--
INFO: Run Behavior\BuildLiteBehavior [ RunTime:0.000025s ]
INFO: [ app_init ] --END-- [ RunTime:0.000627s ]
ERR: 无法加载模块:Public

[ 2017-09-18T15:19:04+08:00 ] 127.0.0.1 /Public/bdimg.share.baidu.com/static/api/js/share.js?v=89860593.js?cdnversion=418254
INFO: [ app_init ] --START--
INFO: Run Behavior\BuildLiteBehavior [ RunTime:0.000026s ]
INFO: [ app_init ] --END-- [ RunTime:0.000660s ]
ERR: 无法加载模块:Public

[ 2017-09-18T15:24:42+08:00 ] 127.0.0.1 /Public/bdimg.share.baidu.com/static/api/js/share.js?v=89860593.js?cdnversion=418254
INFO: [ app_init ] --START--
INFO: Run Behavior\BuildLiteBehavior [ RunTime:0.000032s ]
INFO: [ app_init ] --END-- [ RunTime:0.000716s ]
ERR: 无法加载模块:Public

[ 2017-09-18T15:25:57+08:00 ] 127.0.0.1 /Public/bdimg.share.baidu.com/static/api/js/share.js?v=89860593.js?cdnversion=418254
INFO: [ app_init ] --START--
INFO: Run Behavior\BuildLiteBehavior [ RunTime:0.000027s ]
INFO: [ app_init ] --END-- [ RunTime:0.000670s ]
ERR: 无法加载模块:Public

[ 2017-09-18T15:27:26+08:00 ] 127.0.0.1 /Public/bdimg.share.baidu.com/static/api/js/share.js?v=89860593.js?cdnversion=418254
INFO: [ app_init ] --START--
INFO: Run Behavior\BuildLiteBehavior [ RunTime:0.000019s ]
INFO: [ app_init ] --END-- [ RunTime:0.000506s ]
ERR: 无法加载模块:Public

[ 2017-09-18T15:29:13+08:00 ] 127.0.0.1 /Public/bdimg.share.baidu.com/static/api/js/share.js?v=89860593.js?cdnversion=418254
INFO: [ app_init ] --START--
INFO: Run Behavior\BuildLiteBehavior [ RunTime:0.000045s ]
INFO: [ app_init ] --END-- [ RunTime:0.000901s ]
ERR: 无法加载模块:Public

[ 2017-09-18T15:29:22+08:00 ] 127.0.0.1 /Public/bdimg.share.baidu.com/static/api/js/share.js?v=89860593.js?cdnversion=418254
INFO: [ app_init ] --START--
INFO: Run Behavior\BuildLiteBehavior [ RunTime:0.000020s ]
INFO: [ app_init ] --END-- [ RunTime:0.000472s ]
ERR: 无法加载模块:Public

[ 2017-09-18T15:29:24+08:00 ] 127.0.0.1 /Public/bdimg.share.baidu.com/static/api/js/share.js?v=89860593.js?cdnversion=418254
INFO: [ app_init ] --START--
INFO: Run Behavior\BuildLiteBehavior [ RunTime:0.000033s ]
INFO: [ app_init ] --END-- [ RunTime:0.000768s ]
ERR: 无法加载模块:Public

[ 2017-09-18T15:29:25+08:00 ] 127.0.0.1 /Public/bdimg.share.baidu.com/static/api/js/share.js?v=89860593.js?cdnversion=418254
INFO: [ app_init ] --START--
INFO: Run Behavior\BuildLiteBehavior [ RunTime:0.000028s ]
INFO: [ app_init ] --END-- [ RunTime:0.000667s ]
ERR: 无法加载模块:Public

[ 2017-09-18T15:29:55+08:00 ] 127.0.0.1 /Public/bdimg.share.baidu.com/static/api/js/share.js?v=89860593.js?cdnversion=418254
INFO: [ app_init ] --START--
INFO: Run Behavior\BuildLiteBehavior [ RunTime:0.000025s ]
INFO: [ app_init ] --END-- [ RunTime:0.000628s ]
ERR: 无法加载模块:Public

[ 2017-09-18T15:29:56+08:00 ] 127.0.0.1 /Public/bdimg.share.baidu.com/static/api/js/share.js?v=89860593.js?cdnversion=418254
INFO: [ app_init ] --START--
INFO: Run Behavior\BuildLiteBehavior [ RunTime:0.000048s ]
INFO: [ app_init ] --END-- [ RunTime:0.000807s ]
ERR: 无法加载模块:Public

[ 2017-09-18T15:30:18+08:00 ] 127.0.0.1 /Public/bdimg.share.baidu.com/static/api/js/share.js?v=89860593.js?cdnversion=418254
INFO: [ app_init ] --START--
INFO: Run Behavior\BuildLiteBehavior [ RunTime:0.000155s ]
INFO: [ app_init ] --END-- [ RunTime:0.001054s ]
ERR: 无法加载模块:Public

[ 2017-09-18T15:30:25+08:00 ] 127.0.0.1 /Public/home/images/img_12-12.jpg
INFO: [ app_init ] --START--
INFO: Run Behavior\BuildLiteBehavior [ RunTime:0.000022s ]
INFO: [ app_init ] --END-- [ RunTime:0.000524s ]
ERR: 无法加载模块:Public

[ 2017-09-18T15:30:39+08:00 ] 127.0.0.1 /Public/bdimg.share.baidu.com/static/api/js/share.js?v=89860593.js?cdnversion=418254
INFO: [ app_init ] --START--
INFO: Run Behavior\BuildLiteBehavior [ RunTime:0.000035s ]
INFO: [ app_init ] --END-- [ RunTime:0.000628s ]
ERR: 无法加载模块:Public

[ 2017-09-18T15:31:51+08:00 ] 127.0.0.1 /Public/home/index.html?act=morelist&page=2
INFO: [ app_init ] --START--
INFO: Run Behavior\BuildLiteBehavior [ RunTime:0.000021s ]
INFO: [ app_init ] --END-- [ RunTime:0.000609s ]
ERR: 无法加载模块:Public

[ 2017-09-18T15:33:07+08:00 ] 127.0.0.1 /Public/bdimg.share.baidu.com/static/api/js/share.js?v=89860593.js?cdnversion=418254
INFO: [ app_init ] --START--
INFO: Run Behavior\BuildLiteBehavior [ RunTime:0.000028s ]
INFO: [ app_init ] --END-- [ RunTime:0.000656s ]
ERR: 无法加载模块:Public

[ 2017-09-18T15:34:51+08:00 ] 127.0.0.1 /Public/bdimg.share.baidu.com/static/api/js/share.js?v=89860593.js?cdnversion=418254
INFO: [ app_init ] --START--
INFO: Run Behavior\BuildLiteBehavior [ RunTime:0.000032s ]
INFO: [ app_init ] --END-- [ RunTime:0.000711s ]
ERR: 无法加载模块:Public

[ 2017-09-18T15:35:53+08:00 ] 127.0.0.1 /Public/bdimg.share.baidu.com/static/api/js/share.js?v=89860593.js?cdnversion=418254
INFO: [ app_init ] --START--
INFO: Run Behavior\BuildLiteBehavior [ RunTime:0.000016s ]
INFO: [ app_init ] --END-- [ RunTime:0.000380s ]
ERR: 无法加载模块:Public

[ 2017-09-18T15:36:13+08:00 ] 127.0.0.1 /Public/bdimg.share.baidu.com/static/api/js/share.js?v=89860593.js?cdnversion=418254
INFO: [ app_init ] --START--
INFO: Run Behavior\BuildLiteBehavior [ RunTime:0.000023s ]
INFO: [ app_init ] --END-- [ RunTime:0.000688s ]
ERR: 无法加载模块:Public

[ 2017-09-18T15:37:38+08:00 ] 127.0.0.1 /Public/bdimg.share.baidu.com/static/api/js/share.js?v=89860593.js?cdnversion=418254
INFO: [ app_init ] --START--
INFO: Run Behavior\BuildLiteBehavior [ RunTime:0.000016s ]
INFO: [ app_init ] --END-- [ RunTime:0.000451s ]
ERR: 无法加载模块:Public

[ 2017-09-18T15:37:51+08:00 ] 127.0.0.1 /Public/bdimg.share.baidu.com/static/api/js/share.js?v=89860593.js?cdnversion=418254
INFO: [ app_init ] --START--
INFO: Run Behavior\BuildLiteBehavior [ RunTime:0.000021s ]
INFO: [ app_init ] --END-- [ RunTime:0.000598s ]
ERR: 无法加载模块:Public

[ 2017-09-18T15:50:30+08:00 ] 127.0.0.1 /Public/bdimg.share.baidu.com/static/api/js/share.js?v=89860593.js?cdnversion=418254
INFO: [ app_init ] --START--
INFO: Run Behavior\BuildLiteBehavior [ RunTime:0.000023s ]
INFO: [ app_init ] --END-- [ RunTime:0.000632s ]
ERR: 无法加载模块:Public

[ 2017-09-18T15:50:42+08:00 ] 127.0.0.1 /Public/bdimg.share.baidu.com/static/api/js/share.js?v=89860593.js?cdnversion=418254
INFO: [ app_init ] --START--
INFO: Run Behavior\BuildLiteBehavior [ RunTime:0.000016s ]
INFO: [ app_init ] --END-- [ RunTime:0.000549s ]
ERR: 无法加载模块:Public

[ 2017-09-18T15:52:23+08:00 ] 127.0.0.1 /Public/bdimg.share.baidu.com/static/api/js/share.js?v=89860593.js?cdnversion=418254
INFO: [ app_init ] --START--
INFO: Run Behavior\BuildLiteBehavior [ RunTime:0.000038s ]
INFO: [ app_init ] --END-- [ RunTime:0.000864s ]
ERR: 无法加载模块:Public

[ 2017-09-18T15:57:04+08:00 ] 127.0.0.1 /Public/bdimg.share.baidu.com/static/api/js/share.js?v=89860593.js?cdnversion=418254
INFO: [ app_init ] --START--
INFO: Run Behavior\BuildLiteBehavior [ RunTime:0.000023s ]
INFO: [ app_init ] --END-- [ RunTime:0.000562s ]
ERR: 无法加载模块:Public

[ 2017-09-18T16:03:15+08:00 ] 127.0.0.1 /Public/bdimg.share.baidu.com/static/api/js/share.js?v=89860593.js?cdnversion=418255
INFO: [ app_init ] --START--
INFO: Run Behavior\BuildLiteBehavior [ RunTime:0.000016s ]
INFO: [ app_init ] --END-- [ RunTime:0.000392s ]
ERR: 无法加载模块:Public

[ 2017-09-18T16:09:34+08:00 ] 127.0.0.1 /Public/bdimg.share.baidu.com/static/api/js/share.js?v=89860593.js?cdnversion=418255
INFO: [ app_init ] --START--
INFO: Run Behavior\BuildLiteBehavior [ RunTime:0.000032s ]
INFO: [ app_init ] --END-- [ RunTime:0.000717s ]
ERR: 无法加载模块:Public

[ 2017-09-18T16:46:53+08:00 ] 127.0.0.1 /Public/bdimg.share.baidu.com/static/api/js/share.js?v=89860593.js?cdnversion=418255
INFO: [ app_init ] --START--
INFO: Run Behavior\BuildLiteBehavior [ RunTime:0.000026s ]
INFO: [ app_init ] --END-- [ RunTime:0.000704s ]
ERR: 无法加载模块:Public

[ 2017-09-18T16:47:42+08:00 ] 127.0.0.1 /Public/bdimg.share.baidu.com/static/api/js/share.js?v=89860593.js?cdnversion=418255
INFO: [ app_init ] --START--
INFO: Run Behavior\BuildLiteBehavior [ RunTime:0.000032s ]
INFO: [ app_init ] --END-- [ RunTime:0.000993s ]
ERR: 无法加载模块:Public

[ 2017-09-18T17:03:50+08:00 ] 127.0.0.1 /Public/bdimg.share.baidu.com/static/api/js/share.js?v=89860593.js?cdnversion=418256
INFO: [ app_init ] --START--
INFO: Run Behavior\BuildLiteBehavior [ RunTime:0.000027s ]
INFO: [ app_init ] --END-- [ RunTime:0.000975s ]
ERR: 无法加载模块:Public

[ 2017-09-18T17:03:58+08:00 ] 127.0.0.1 /Public/bdimg.share.baidu.com/static/api/js/share.js?v=89860593.js?cdnversion=418256
INFO: [ app_init ] --START--
INFO: Run Behavior\BuildLiteBehavior [ RunTime:0.000019s ]
INFO: [ app_init ] --END-- [ RunTime:0.000491s ]
ERR: 无法加载模块:Public

[ 2017-09-18T17:05:25+08:00 ] 127.0.0.1 /Public/bdimg.share.baidu.com/static/api/js/share.js?v=89860593.js?cdnversion=418256
INFO: [ app_init ] --START--
INFO: Run Behavior\BuildLiteBehavior [ RunTime:0.000027s ]
INFO: [ app_init ] --END-- [ RunTime:0.004503s ]
ERR: 无法加载模块:Public

[ 2017-09-18T17:05:34+08:00 ] 127.0.0.1 /Public/bdimg.share.baidu.com/static/api/js/share.js?v=89860593.js?cdnversion=418256
INFO: [ app_init ] --START--
INFO: Run Behavior\BuildLiteBehavior [ RunTime:0.000016s ]
INFO: [ app_init ] --END-- [ RunTime:0.000403s ]
ERR: 无法加载模块:Public

[ 2017-09-18T17:13:41+08:00 ] 127.0.0.1 /Public/bdimg.share.baidu.com/static/api/js/share.js?v=89860593.js?cdnversion=418256
INFO: [ app_init ] --START--
INFO: Run Behavior\BuildLiteBehavior [ RunTime:0.000028s ]
INFO: [ app_init ] --END-- [ RunTime:0.000443s ]
ERR: 无法加载模块:Public

[ 2017-09-18T17:14:05+08:00 ] 127.0.0.1 /Public/bdimg.share.baidu.com/static/api/js/share.js?v=89860593.js?cdnversion=418256
INFO: [ app_init ] --START--
INFO: Run Behavior\BuildLiteBehavior [ RunTime:0.000023s ]
INFO: [ app_init ] --END-- [ RunTime:0.000563s ]
ERR: 无法加载模块:Public

[ 2017-09-18T17:14:50+08:00 ] 127.0.0.1 /Public/bdimg.share.baidu.com/static/api/js/share.js?v=89860593.js?cdnversion=418256
INFO: [ app_init ] --START--
INFO: Run Behavior\BuildLiteBehavior [ RunTime:0.000015s ]
INFO: [ app_init ] --END-- [ RunTime:0.000381s ]
ERR: 无法加载模块:Public

[ 2017-09-18T17:16:41+08:00 ] 127.0.0.1 /Public/bdimg.share.baidu.com/static/api/js/share.js?v=89860593.js?cdnversion=418256
INFO: [ app_init ] --START--
INFO: Run Behavior\BuildLiteBehavior [ RunTime:0.000016s ]
INFO: [ app_init ] --END-- [ RunTime:0.000427s ]
ERR: 无法加载模块:Public

[ 2017-09-18T17:18:35+08:00 ] 127.0.0.1 /Public/bdimg.share.baidu.com/static/api/js/share.js?v=89860593.js?cdnversion=418256
INFO: [ app_init ] --START--
INFO: Run Behavior\BuildLiteBehavior [ RunTime:0.000040s ]
INFO: [ app_init ] --END-- [ RunTime:0.000888s ]
ERR: 无法加载模块:Public

[ 2017-09-18T17:18:41+08:00 ] 127.0.0.1 /Public/bdimg.share.baidu.com/static/api/js/share.js?v=89860593.js?cdnversion=418256
INFO: [ app_init ] --START--
INFO: Run Behavior\BuildLiteBehavior [ RunTime:0.000018s ]
INFO: [ app_init ] --END-- [ RunTime:0.000441s ]
ERR: 无法加载模块:Public

[ 2017-09-18T17:19:18+08:00 ] 127.0.0.1 /Public/bdimg.share.baidu.com/static/api/js/share.js?v=89860593.js?cdnversion=418256
INFO: [ app_init ] --START--
INFO: Run Behavior\BuildLiteBehavior [ RunTime:0.000018s ]
INFO: [ app_init ] --END-- [ RunTime:0.000464s ]
ERR: 无法加载模块:Public

[ 2017-09-18T17:20:39+08:00 ] 127.0.0.1 /Public/bdimg.share.baidu.com/static/api/js/share.js?v=89860593.js?cdnversion=418256
INFO: [ app_init ] --START--
INFO: Run Behavior\BuildLiteBehavior [ RunTime:0.000025s ]
INFO: [ app_init ] --END-- [ RunTime:0.000944s ]
ERR: 无法加载模块:Public

[ 2017-09-18T17:21:34+08:00 ] 127.0.0.1 /Public/bdimg.share.baidu.com/static/api/js/share.js?v=89860593.js?cdnversion=418256
INFO: [ app_init ] --START--
INFO: Run Behavior\BuildLiteBehavior [ RunTime:0.000018s ]
INFO: [ app_init ] --END-- [ RunTime:0.000422s ]
ERR: 无法加载模块:Public

[ 2017-09-18T17:22:29+08:00 ] 127.0.0.1 /Public/bdimg.share.baidu.com/static/api/js/share.js?v=89860593.js?cdnversion=418256
INFO: [ app_init ] --START--
INFO: Run Behavior\BuildLiteBehavior [ RunTime:0.000023s ]
INFO: [ app_init ] --END-- [ RunTime:0.000572s ]
ERR: 无法加载模块:Public

[ 2017-09-18T17:24:39+08:00 ] 127.0.0.1 /Public/bdimg.share.baidu.com/static/api/js/share.js?v=89860593.js?cdnversion=418256
INFO: [ app_init ] --START--
INFO: Run Behavior\BuildLiteBehavior [ RunTime:0.000029s ]
INFO: [ app_init ] --END-- [ RunTime:0.000696s ]
ERR: 无法加载模块:Public

[ 2017-09-18T17:25:11+08:00 ] 127.0.0.1 /Public/bdimg.share.baidu.com/static/api/js/share.js?v=89860593.js?cdnversion=418256
INFO: [ app_init ] --START--
INFO: Run Behavior\BuildLiteBehavior [ RunTime:0.000017s ]
INFO: [ app_init ] --END-- [ RunTime:0.000428s ]
ERR: 无法加载模块:Public

[ 2017-09-18T17:26:18+08:00 ] 127.0.0.1 /Public/bdimg.share.baidu.com/static/api/js/share.js?v=89860593.js?cdnversion=418256
INFO: [ app_init ] --START--
INFO: Run Behavior\BuildLiteBehavior [ RunTime:0.000020s ]
INFO: [ app_init ] --END-- [ RunTime:0.000477s ]
ERR: 无法加载模块:Public

[ 2017-09-18T17:26:35+08:00 ] 127.0.0.1 /Public/bdimg.share.baidu.com/static/api/js/share.js?v=89860593.js?cdnversion=418256
INFO: [ app_init ] --START--
INFO: Run Behavior\BuildLiteBehavior [ RunTime:0.000018s ]
INFO: [ app_init ] --END-- [ RunTime:0.000425s ]
ERR: 无法加载模块:Public

[ 2017-09-18T17:27:04+08:00 ] 127.0.0.1 /Public/bdimg.share.baidu.com/static/api/js/share.js?v=89860593.js?cdnversion=418256
INFO: [ app_init ] --START--
INFO: Run Behavior\BuildLiteBehavior [ RunTime:0.000023s ]
INFO: [ app_init ] --END-- [ RunTime:0.000602s ]
ERR: 无法加载模块:Public

[ 2017-09-18T17:27:52+08:00 ] 127.0.0.1 /Public/bdimg.share.baidu.com/static/api/js/share.js?v=89860593.js?cdnversion=418256
INFO: [ app_init ] --START--
INFO: Run Behavior\BuildLiteBehavior [ RunTime:0.000028s ]
INFO: [ app_init ] --END-- [ RunTime:0.000608s ]
ERR: 无法加载模块:Public

[ 2017-09-18T17:28:37+08:00 ] 127.0.0.1 /Public/bdimg.share.baidu.com/static/api/js/share.js?v=89860593.js?cdnversion=418256
INFO: [ app_init ] --START--
INFO: Run Behavior\BuildLiteBehavior [ RunTime:0.000022s ]
INFO: [ app_init ] --END-- [ RunTime:0.000557s ]
ERR: 无法加载模块:Public

[ 2017-09-18T17:30:07+08:00 ] 127.0.0.1 /Public/bdimg.share.baidu.com/static/api/js/share.js?v=89860593.js?cdnversion=418256
INFO: [ app_init ] --START--
INFO: Run Behavior\BuildLiteBehavior [ RunTime:0.000017s ]
INFO: [ app_init ] --END-- [ RunTime:0.000436s ]
ERR: 无法加载模块:Public

[ 2017-09-18T17:35:09+08:00 ] 127.0.0.1 /Public/bdimg.share.baidu.com/static/api/js/share.js?v=89860593.js?cdnversion=418256
INFO: [ app_init ] --START--
INFO: Run Behavior\BuildLiteBehavior [ RunTime:0.000029s ]
INFO: [ app_init ] --END-- [ RunTime:0.000712s ]
ERR: 无法加载模块:Public

[ 2017-09-18T17:35:19+08:00 ] 127.0.0.1 /Public/bdimg.share.baidu.com/static/api/js/share.js?v=89860593.js?cdnversion=418256
INFO: [ app_init ] --START--
INFO: Run Behavior\BuildLiteBehavior [ RunTime:0.000017s ]
INFO: [ app_init ] --END-- [ RunTime:0.000442s ]
ERR: 无法加载模块:Public

[ 2017-09-18T17:36:07+08:00 ] 127.0.0.1 /Public/bdimg.share.baidu.com/static/api/js/share.js?v=89860593.js?cdnversion=418256
INFO: [ app_init ] --START--
INFO: Run Behavior\BuildLiteBehavior [ RunTime:0.000016s ]
INFO: [ app_init ] --END-- [ RunTime:0.000436s ]
ERR: 无法加载模块:Public

[ 2017-09-18T17:37:11+08:00 ] 127.0.0.1 /Public/bdimg.share.baidu.com/static/api/js/share.js?v=89860593.js?cdnversion=418256
INFO: [ app_init ] --START--
INFO: Run Behavior\BuildLiteBehavior [ RunTime:0.000034s ]
INFO: [ app_init ] --END-- [ RunTime:0.000716s ]
ERR: 无法加载模块:Public

[ 2017-09-18T18:36:40+08:00 ] 127.0.0.1 /Public/bdimg.share.baidu.com/static/api/js/share.js?v=89860593.js?cdnversion=418257
INFO: [ app_init ] --START--
INFO: Run Behavior\BuildLiteBehavior [ RunTime:0.000034s ]
INFO: [ app_init ] --END-- [ RunTime:0.000885s ]
ERR: 无法加载模块:Public

[ 2017-09-18T18:36:55+08:00 ] 127.0.0.1 /Public/bdimg.share.baidu.com/static/api/js/share.js?v=89860593.js?cdnversion=418257
INFO: [ app_init ] --START--
INFO: Run Behavior\BuildLiteBehavior [ RunTime:0.000025s ]
INFO: [ app_init ] --END-- [ RunTime:0.000606s ]
ERR: 无法加载模块:Public

[ 2017-09-18T18:37:31+08:00 ] 127.0.0.1 /Public/bdimg.share.baidu.com/static/api/js/share.js?v=89860593.js?cdnversion=418257
INFO: [ app_init ] --START--
INFO: Run Behavior\BuildLiteBehavior [ RunTime:0.000032s ]
INFO: [ app_init ] --END-- [ RunTime:0.000491s ]
ERR: 无法加载模块:Public

[ 2017-09-18T18:38:55+08:00 ] 127.0.0.1 /Public/bdimg.share.baidu.com/static/api/js/share.js?v=89860593.js?cdnversion=418257
INFO: [ app_init ] --START--
INFO: Run Behavior\BuildLiteBehavior [ RunTime:0.000024s ]
INFO: [ app_init ] --END-- [ RunTime:0.000617s ]
ERR: 无法加载模块:Public

[ 2017-09-18T18:42:35+08:00 ] 127.0.0.1 /Public/bdimg.share.baidu.com/static/api/js/share.js?v=89860593.js?cdnversion=418257
INFO: [ app_init ] --START--
INFO: Run Behavior\BuildLiteBehavior [ RunTime:0.000037s ]
INFO: [ app_init ] --END-- [ RunTime:0.000764s ]
ERR: 无法加载模块:Public

[ 2017-09-18T18:42:54+08:00 ] 127.0.0.1 /Public/bdimg.share.baidu.com/static/api/js/share.js?v=89860593.js?cdnversion=418257
INFO: [ app_init ] --START--
INFO: Run Behavior\BuildLiteBehavior [ RunTime:0.000028s ]
INFO: [ app_init ] --END-- [ RunTime:0.000875s ]
ERR: 无法加载模块:Public

[ 2017-09-18T18:44:06+08:00 ] 127.0.0.1 /Public/bdimg.share.baidu.com/static/api/js/share.js?v=89860593.js?cdnversion=418257
INFO: [ app_init ] --START--
INFO: Run Behavior\BuildLiteBehavior [ RunTime:0.000025s ]
INFO: [ app_init ] --END-- [ RunTime:0.000607s ]
ERR: 无法加载模块:Public

[ 2017-09-18T18:47:54+08:00 ] 127.0.0.1 /Public/bdimg.share.baidu.com/static/api/js/share.js?v=89860593.js?cdnversion=418257
INFO: [ app_init ] --START--
INFO: Run Behavior\BuildLiteBehavior [ RunTime:0.000019s ]
INFO: [ app_init ] --END-- [ RunTime:0.000446s ]
ERR: 无法加载模块:Public

[ 2017-09-18T18:49:43+08:00 ] 127.0.0.1 /Public/bdimg.share.baidu.com/static/api/js/share.js?v=89860593.js?cdnversion=418257
INFO: [ app_init ] --START--
INFO: Run Behavior\BuildLiteBehavior [ RunTime:0.000130s ]
INFO: [ app_init ] --END-- [ RunTime:0.001301s ]
ERR: 无法加载模块:Public

[ 2017-09-18T18:50:05+08:00 ] 127.0.0.1 /Public/bdimg.share.baidu.com/static/api/js/share.js?v=89860593.js?cdnversion=418257
INFO: [ app_init ] --START--
INFO: Run Behavior\BuildLiteBehavior [ RunTime:0.000026s ]
INFO: [ app_init ] --END-- [ RunTime:0.000676s ]
ERR: 无法加载模块:Public

[ 2017-09-18T18:53:50+08:00 ] 127.0.0.1 /Public/bdimg.share.baidu.com/static/api/js/share.js?v=89860593.js?cdnversion=418257
INFO: [ app_init ] --START--
INFO: Run Behavior\BuildLiteBehavior [ RunTime:0.000028s ]
INFO: [ app_init ] --END-- [ RunTime:0.000736s ]
ERR: 无法加载模块:Public

[ 2017-09-18T18:54:14+08:00 ] 127.0.0.1 /Public/bdimg.share.baidu.com/static/api/js/share.js?v=89860593.js?cdnversion=418257
INFO: [ app_init ] --START--
INFO: Run Behavior\BuildLiteBehavior [ RunTime:0.000016s ]
INFO: [ app_init ] --END-- [ RunTime:0.000433s ]
ERR: 无法加载模块:Public

[ 2017-09-18T18:55:00+08:00 ] 127.0.0.1 /Public/bdimg.share.baidu.com/static/api/js/share.js?v=89860593.js?cdnversion=418257
INFO: [ app_init ] --START--
INFO: Run Behavior\BuildLiteBehavior [ RunTime:0.000021s ]
INFO: [ app_init ] --END-- [ RunTime:0.000618s ]
ERR: 无法加载模块:Public

[ 2017-09-18T18:55:13+08:00 ] 127.0.0.1 /Public/bdimg.share.baidu.com/static/api/js/share.js?v=89860593.js?cdnversion=418257
INFO: [ app_init ] --START--
INFO: Run Behavior\BuildLiteBehavior [ RunTime:0.000024s ]
INFO: [ app_init ] --END-- [ RunTime:0.000640s ]
ERR: 无法加载模块:Public

[ 2017-09-18T18:55:38+08:00 ] 127.0.0.1 /Public/bdimg.share.baidu.com/static/api/js/share.js?v=89860593.js?cdnversion=418257
INFO: [ app_init ] --START--
INFO: Run Behavior\BuildLiteBehavior [ RunTime:0.000019s ]
INFO: [ app_init ] --END-- [ RunTime:0.000480s ]
ERR: 无法加载模块:Public

[ 2017-09-18T19:04:31+08:00 ] 127.0.0.1 /Public/bdimg.share.baidu.com/static/api/js/share.js?v=89860593.js?cdnversion=418258
INFO: [ app_init ] --START--
INFO: Run Behavior\BuildLiteBehavior [ RunTime:0.000020s ]
INFO: [ app_init ] --END-- [ RunTime:0.000438s ]
ERR: 无法加载模块:Public

[ 2017-09-18T19:07:13+08:00 ] 127.0.0.1 /Public/bdimg.share.baidu.com/static/api/js/share.js?v=89860593.js?cdnversion=418258
INFO: [ app_init ] --START--
INFO: Run Behavior\BuildLiteBehavior [ RunTime:0.000030s ]
INFO: [ app_init ] --END-- [ RunTime:0.000784s ]
ERR: 无法加载模块:Public

[ 2017-09-18T19:07:46+08:00 ] 127.0.0.1 /Public/bdimg.share.baidu.com/static/api/js/share.js?v=89860593.js?cdnversion=418258
INFO: [ app_init ] --START--
INFO: Run Behavior\BuildLiteBehavior [ RunTime:0.000015s ]
INFO: [ app_init ] --END-- [ RunTime:0.000386s ]
ERR: 无法加载模块:Public

[ 2017-09-18T19:08:12+08:00 ] 127.0.0.1 /Public/bdimg.share.baidu.com/static/api/js/share.js?v=89860593.js?cdnversion=418258
INFO: [ app_init ] --START--
INFO: Run Behavior\BuildLiteBehavior [ RunTime:0.000020s ]
INFO: [ app_init ] --END-- [ RunTime:0.000507s ]
ERR: 无法加载模块:Public

[ 2017-09-18T19:15:15+08:00 ] 127.0.0.1 /Public/bdimg.share.baidu.com/static/api/js/share.js?v=89860593.js?cdnversion=418258
INFO: [ app_init ] --START--
INFO: Run Behavior\BuildLiteBehavior [ RunTime:0.000027s ]
INFO: [ app_init ] --END-- [ RunTime:0.000633s ]
ERR: 无法加载模块:Public

[ 2017-09-18T19:16:09+08:00 ] 127.0.0.1 /Public/bdimg.share.baidu.com/static/api/js/share.js?v=89860593.js?cdnversion=418258
INFO: [ app_init ] --START--
INFO: Run Behavior\BuildLiteBehavior [ RunTime:0.000024s ]
INFO: [ app_init ] --END-- [ RunTime:0.000596s ]
ERR: 无法加载模块:Public

[ 2017-09-18T19:18:22+08:00 ] 127.0.0.1 /Public/bdimg.share.baidu.com/static/api/js/share.js?v=89860593.js?cdnversion=418258
INFO: [ app_init ] --START--
INFO: Run Behavior\BuildLiteBehavior [ RunTime:0.000022s ]
INFO: [ app_init ] --END-- [ RunTime:0.000529s ]
ERR: 无法加载模块:Public

[ 2017-09-18T19:19:02+08:00 ] 127.0.0.1 /Public/bdimg.share.baidu.com/static/api/js/share.js?v=89860593.js?cdnversion=418258
INFO: [ app_init ] --START--
INFO: Run Behavior\BuildLiteBehavior [ RunTime:0.000015s ]
INFO: [ app_init ] --END-- [ RunTime:0.000436s ]
ERR: 无法加载模块:Public

[ 2017-09-18T19:23:08+08:00 ] 127.0.0.1 /Public/bdimg.share.baidu.com/static/api/js/share.js?v=89860593.js?cdnversion=418258
INFO: [ app_init ] --START--
INFO: Run Behavior\BuildLiteBehavior [ RunTime:0.000021s ]
INFO: [ app_init ] --END-- [ RunTime:0.000652s ]
ERR: 无法加载模块:Public

[ 2017-09-18T19:23:21+08:00 ] 127.0.0.1 /Public/bdimg.share.baidu.com/static/api/js/share.js?v=89860593.js?cdnversion=418258
INFO: [ app_init ] --START--
INFO: Run Behavior\BuildLiteBehavior [ RunTime:0.000039s ]
INFO: [ app_init ] --END-- [ RunTime:0.000909s ]
ERR: 无法加载模块:Public

[ 2017-09-18T19:24:14+08:00 ] 127.0.0.1 /Public/bdimg.share.baidu.com/static/api/js/share.js?v=89860593.js?cdnversion=418258
INFO: [ app_init ] --START--
INFO: Run Behavior\BuildLiteBehavior [ RunTime:0.000036s ]
INFO: [ app_init ] --END-- [ RunTime:0.000783s ]
ERR: 无法加载模块:Public

[ 2017-09-18T19:26:05+08:00 ] 127.0.0.1 /Public/bdimg.share.baidu.com/static/api/js/share.js?v=89860593.js?cdnversion=418258
INFO: [ app_init ] --START--
INFO: Run Behavior\BuildLiteBehavior [ RunTime:0.000026s ]
INFO: [ app_init ] --END-- [ RunTime:0.000641s ]
ERR: 无法加载模块:Public

[ 2017-09-18T19:26:54+08:00 ] 127.0.0.1 /Public/bdimg.share.baidu.com/static/api/js/share.js?v=89860593.js?cdnversion=418258
INFO: [ app_init ] --START--
INFO: Run Behavior\BuildLiteBehavior [ RunTime:0.000025s ]
INFO: [ app_init ] --END-- [ RunTime:0.000699s ]
ERR: 无法加载模块:Public

[ 2017-09-18T19:27:18+08:00 ] 127.0.0.1 /Public/bdimg.share.baidu.com/static/api/js/share.js?v=89860593.js?cdnversion=418258
INFO: [ app_init ] --START--
INFO: Run Behavior\BuildLiteBehavior [ RunTime:0.000016s ]
INFO: [ app_init ] --END-- [ RunTime:0.000383s ]
ERR: 无法加载模块:Public

[ 2017-09-18T19:27:34+08:00 ] 127.0.0.1 /Public/bdimg.share.baidu.com/static/api/js/share.js?v=89860593.js?cdnversion=418258
INFO: [ app_init ] --START--
INFO: Run Behavior\BuildLiteBehavior [ RunTime:0.000018s ]
INFO: [ app_init ] --END-- [ RunTime:0.000414s ]
ERR: 无法加载模块:Public

[ 2017-09-18T19:28:31+08:00 ] 127.0.0.1 /Public/bdimg.share.baidu.com/static/api/js/share.js?v=89860593.js?cdnversion=418258
INFO: [ app_init ] --START--
INFO: Run Behavior\BuildLiteBehavior [ RunTime:0.000019s ]
INFO: [ app_init ] --END-- [ RunTime:0.000536s ]
ERR: 无法加载模块:Public

[ 2017-09-18T19:29:48+08:00 ] 127.0.0.1 /Public/bdimg.share.baidu.com/static/api/js/share.js?v=89860593.js?cdnversion=418258
INFO: [ app_init ] --START--
INFO: Run Behavior\BuildLiteBehavior [ RunTime:0.000017s ]
INFO: [ app_init ] --END-- [ RunTime:0.000445s ]
ERR: 无法加载模块:Public

[ 2017-09-18T19:31:03+08:00 ] 127.0.0.1 /Public/bdimg.share.baidu.com/static/api/js/share.js?v=89860593.js?cdnversion=418258
INFO: [ app_init ] --START--
INFO: Run Behavior\BuildLiteBehavior [ RunTime:0.000122s ]
INFO: [ app_init ] --END-- [ RunTime:0.000703s ]
ERR: 无法加载模块:Public

[ 2017-09-18T19:32:11+08:00 ] 127.0.0.1 /Public/bdimg.share.baidu.com/static/api/js/share.js?v=89860593.js?cdnversion=418258
INFO: [ app_init ] --START--
INFO: Run Behavior\BuildLiteBehavior [ RunTime:0.000018s ]
INFO: [ app_init ] --END-- [ RunTime:0.000487s ]
ERR: 无法加载模块:Public

[ 2017-09-18T19:33:22+08:00 ] 127.0.0.1 /Public/bdimg.share.baidu.com/static/api/js/share.js?v=89860593.js?cdnversion=418258
INFO: [ app_init ] --START--
INFO: Run Behavior\BuildLiteBehavior [ RunTime:0.000024s ]
INFO: [ app_init ] --END-- [ RunTime:0.000606s ]
ERR: 无法加载模块:Public

[ 2017-09-18T19:34:10+08:00 ] 127.0.0.1 /Public/bdimg.share.baidu.com/static/api/js/share.js?v=89860593.js?cdnversion=418258
INFO: [ app_init ] --START--
INFO: Run Behavior\BuildLiteBehavior [ RunTime:0.000022s ]
INFO: [ app_init ] --END-- [ RunTime:0.000564s ]
ERR: 无法加载模块:Public

[ 2017-09-18T19:35:10+08:00 ] 127.0.0.1 /Public/bdimg.share.baidu.com/static/api/js/share.js?v=89860593.js?cdnversion=418258
INFO: [ app_init ] --START--
INFO: Run Behavior\BuildLiteBehavior [ RunTime:0.000017s ]
INFO: [ app_init ] --END-- [ RunTime:0.000406s ]
ERR: 无法加载模块:Public

[ 2017-09-18T19:56:27+08:00 ] 127.0.0.1 /Public/bdimg.share.baidu.com/static/api/js/share.js?v=89860593.js?cdnversion=418258
INFO: [ app_init ] --START--
INFO: Run Behavior\BuildLiteBehavior [ RunTime:0.000034s ]
INFO: [ app_init ] --END-- [ RunTime:0.000665s ]
ERR: 无法加载模块:Public

[ 2017-09-18T20:02:50+08:00 ] 127.0.0.1 /Public/bdimg.share.baidu.com/static/api/js/share.js?v=89860593.js?cdnversion=418259
INFO: [ app_init ] --START--
INFO: Run Behavior\BuildLiteBehavior [ RunTime:0.000022s ]
INFO: [ app_init ] --END-- [ RunTime:0.000714s ]
ERR: 无法加载模块:Public

[ 2017-09-18T20:04:56+08:00 ] 127.0.0.1 /Public/bdimg.share.baidu.com/static/api/js/share.js?v=89860593.js?cdnversion=418259
INFO: [ app_init ] --START--
INFO: Run Behavior\BuildLiteBehavior [ RunTime:0.000022s ]
INFO: [ app_init ] --END-- [ RunTime:0.000595s ]
ERR: 无法加载模块:Public

[ 2017-09-18T20:05:24+08:00 ] 127.0.0.1 /Public/bdimg.share.baidu.com/static/api/js/share.js?v=89860593.js?cdnversion=418259
INFO: [ app_init ] --START--
INFO: Run Behavior\BuildLiteBehavior [ RunTime:0.000026s ]
INFO: [ app_init ] --END-- [ RunTime:0.000645s ]
ERR: 无法加载模块:Public

[ 2017-09-18T20:07:20+08:00 ] 127.0.0.1 /Public/bdimg.share.baidu.com/static/api/js/share.js?v=89860593.js?cdnversion=418259
INFO: [ app_init ] --START--
INFO: Run Behavior\BuildLiteBehavior [ RunTime:0.000029s ]
INFO: [ app_init ] --END-- [ RunTime:0.000742s ]
ERR: 无法加载模块:Public

[ 2017-09-18T20:08:20+08:00 ] 127.0.0.1 /Public/bdimg.share.baidu.com/static/api/js/share.js?v=89860593.js?cdnversion=418259
INFO: [ app_init ] --START--
INFO: Run Behavior\BuildLiteBehavior [ RunTime:0.000043s ]
INFO: [ app_init ] --END-- [ RunTime:0.000904s ]
ERR: 无法加载模块:Public

[ 2017-09-18T20:08:40+08:00 ] 127.0.0.1 /Public/bdimg.share.baidu.com/static/api/js/share.js?v=89860593.js?cdnversion=418259
INFO: [ app_init ] --START--
INFO: Run Behavior\BuildLiteBehavior [ RunTime:0.000034s ]
INFO: [ app_init ] --END-- [ RunTime:0.000851s ]
ERR: 无法加载模块:Public

[ 2017-09-18T20:52:32+08:00 ] 127.0.0.1 /Public/bdimg.share.baidu.com/static/api/js/share.js?v=89860593.js?cdnversion=418259
INFO: [ app_init ] --START--
INFO: Run Behavior\BuildLiteBehavior [ RunTime:0.000038s ]
INFO: [ app_init ] --END-- [ RunTime:0.001165s ]
ERR: 无法加载模块:Public

[ 2017-09-18T20:52:35+08:00 ] 127.0.0.1 /Public/bdimg.share.baidu.com/static/api/js/share.js?v=89860593.js?cdnversion=418259
INFO: [ app_init ] --START--
INFO: Run Behavior\BuildLiteBehavior [ RunTime:0.000040s ]
INFO: [ app_init ] --END-- [ RunTime:0.000794s ]
ERR: 无法加载模块:Public

[ 2017-09-18T20:52:38+08:00 ] 127.0.0.1 /Public/bdimg.share.baidu.com/static/api/js/share.js?v=89860593.js?cdnversion=418259
INFO: [ app_init ] --START--
INFO: Run Behavior\BuildLiteBehavior [ RunTime:0.000023s ]
INFO: [ app_init ] --END-- [ RunTime:0.000835s ]
ERR: 无法加载模块:Public

[ 2017-09-18T20:52:41+08:00 ] 127.0.0.1 /Public/bdimg.share.baidu.com/static/api/js/share.js?v=89860593.js?cdnversion=418259
INFO: [ app_init ] --START--
INFO: Run Behavior\BuildLiteBehavior [ RunTime:0.000032s ]
INFO: [ app_init ] --END-- [ RunTime:0.000677s ]
ERR: 无法加载模块:Public

[ 2017-09-18T20:57:37+08:00 ] 127.0.0.1 /Public/bdimg.share.baidu.com/static/api/js/share.js?v=89860593.js?cdnversion=418259
INFO: [ app_init ] --START--
INFO: Run Behavior\BuildLiteBehavior [ RunTime:0.000023s ]
INFO: [ app_init ] --END-- [ RunTime:0.000726s ]
ERR: 无法加载模块:Public

[ 2017-09-18T20:57:45+08:00 ] 127.0.0.1 /Public/bdimg.share.baidu.com/static/api/js/share.js?v=89860593.js?cdnversion=418259
INFO: [ app_init ] --START--
INFO: Run Behavior\BuildLiteBehavior [ RunTime:0.000024s ]
INFO: [ app_init ] --END-- [ RunTime:0.000746s ]
ERR: 无法加载模块:Public

[ 2017-09-18T21:05:59+08:00 ] 127.0.0.1 /Public/bdimg.share.baidu.com/static/api/js/share.js?v=89860593.js?cdnversion=418260
INFO: [ app_init ] --START--
INFO: Run Behavior\BuildLiteBehavior [ RunTime:0.000028s ]
INFO: [ app_init ] --END-- [ RunTime:0.000784s ]
ERR: 无法加载模块:Public

[ 2017-09-18T21:06:50+08:00 ] 127.0.0.1 /Public/bdimg.share.baidu.com/static/api/js/share.js?v=89860593.js?cdnversion=418260
INFO: [ app_init ] --START--
INFO: Run Behavior\BuildLiteBehavior [ RunTime:0.000024s ]
INFO: [ app_init ] --END-- [ RunTime:0.000600s ]
ERR: 无法加载模块:Public

[ 2017-09-18T21:07:34+08:00 ] 127.0.0.1 /Public/bdimg.share.baidu.com/static/api/js/share.js?v=89860593.js?cdnversion=418260
INFO: [ app_init ] --START--
INFO: Run Behavior\BuildLiteBehavior [ RunTime:0.000030s ]
INFO: [ app_init ] --END-- [ RunTime:0.000757s ]
ERR: 无法加载模块:Public

[ 2017-09-18T21:10:40+08:00 ] 127.0.0.1 /Public/bdimg.share.baidu.com/static/api/js/share.js?v=89860593.js?cdnversion=418260
INFO: [ app_init ] --START--
INFO: Run Behavior\BuildLiteBehavior [ RunTime:0.000022s ]
INFO: [ app_init ] --END-- [ RunTime:0.000618s ]
ERR: 无法加载模块:Public

[ 2017-09-18T21:10:53+08:00 ] 127.0.0.1 /Public/bdimg.share.baidu.com/static/api/js/share.js?v=89860593.js?cdnversion=418260
INFO: [ app_init ] --START--
INFO: Run Behavior\BuildLiteBehavior [ RunTime:0.000016s ]
INFO: [ app_init ] --END-- [ RunTime:0.000436s ]
ERR: 无法加载模块:Public

[ 2017-09-18T21:26:14+08:00 ] 127.0.0.1 /Public/bdimg.share.baidu.com/static/api/js/share.js?v=89860593.js?cdnversion=418260
INFO: [ app_init ] --START--
INFO: Run Behavior\BuildLiteBehavior [ RunTime:0.000016s ]
INFO: [ app_init ] --END-- [ RunTime:0.000399s ]
ERR: 无法加载模块:Public

[ 2017-09-18T21:26:43+08:00 ] 127.0.0.1 /Public/bdimg.share.baidu.com/static/api/js/share.js?v=89860593.js?cdnversion=418260
INFO: [ app_init ] --START--
INFO: Run Behavior\BuildLiteBehavior [ RunTime:0.000015s ]
INFO: [ app_init ] --END-- [ RunTime:0.000388s ]
ERR: 无法加载模块:Public

[ 2017-09-18T21:28:42+08:00 ] 127.0.0.1 /Public/bdimg.share.baidu.com/static/api/js/share.js?v=89860593.js?cdnversion=418260
INFO: [ app_init ] --START--
INFO: Run Behavior\BuildLiteBehavior [ RunTime:0.000127s ]
INFO: [ app_init ] --END-- [ RunTime:0.001963s ]
ERR: 无法加载模块:Public

[ 2017-09-18T21:29:58+08:00 ] 127.0.0.1 /Public/bdimg.share.baidu.com/static/api/js/share.js?v=89860593.js?cdnversion=418260
INFO: [ app_init ] --START--
INFO: Run Behavior\BuildLiteBehavior [ RunTime:0.000026s ]
INFO: [ app_init ] --END-- [ RunTime:0.000689s ]
ERR: 无法加载模块:Public

[ 2017-09-18T21:30:15+08:00 ] 127.0.0.1 /Public/bdimg.share.baidu.com/static/api/js/share.js?v=89860593.js?cdnversion=418260
INFO: [ app_init ] --START--
INFO: Run Behavior\BuildLiteBehavior [ RunTime:0.000041s ]
INFO: [ app_init ] --END-- [ RunTime:0.001085s ]
ERR: 无法加载模块:Public

[ 2017-09-18T21:32:09+08:00 ] 127.0.0.1 /Public/bdimg.share.baidu.com/static/api/js/share.js?v=89860593.js?cdnversion=418260
INFO: [ app_init ] --START--
INFO: Run Behavior\BuildLiteBehavior [ RunTime:0.000028s ]
INFO: [ app_init ] --END-- [ RunTime:0.000744s ]
ERR: 无法加载模块:Public

[ 2017-09-18T21:32:21+08:00 ] 127.0.0.1 /Public/bdimg.share.baidu.com/static/api/js/share.js?v=89860593.js?cdnversion=418260
INFO: [ app_init ] --START--
INFO: Run Behavior\BuildLiteBehavior [ RunTime:0.000027s ]
INFO: [ app_init ] --END-- [ RunTime:0.000633s ]
ERR: 无法加载模块:Public

[ 2017-09-18T21:32:22+08:00 ] 127.0.0.1 /Public/bdimg.share.baidu.com/static/api/js/share.js?v=89860593.js?cdnversion=418260
INFO: [ app_init ] --START--
INFO: Run Behavior\BuildLiteBehavior [ RunTime:0.000024s ]
INFO: [ app_init ] --END-- [ RunTime:0.000721s ]
ERR: 无法加载模块:Public

[ 2017-09-18T21:32:26+08:00 ] 127.0.0.1 /Public/bdimg.share.baidu.com/static/api/js/share.js?v=89860593.js?cdnversion=418260
INFO: [ app_init ] --START--
INFO: Run Behavior\BuildLiteBehavior [ RunTime:0.000028s ]
INFO: [ app_init ] --END-- [ RunTime:0.000614s ]
ERR: 无法加载模块:Public

[ 2017-09-18T21:32:28+08:00 ] 127.0.0.1 /Public/bdimg.share.baidu.com/static/api/js/share.js?v=89860593.js?cdnversion=418260
INFO: [ app_init ] --START--
INFO: Run Behavior\BuildLiteBehavior [ RunTime:0.000035s ]
INFO: [ app_init ] --END-- [ RunTime:0.000863s ]
ERR: 无法加载模块:Public

[ 2017-09-18T21:32:42+08:00 ] 127.0.0.1 /Public/bdimg.share.baidu.com/static/api/js/share.js?v=89860593.js?cdnversion=418260
INFO: [ app_init ] --START--
INFO: Run Behavior\BuildLiteBehavior [ RunTime:0.000048s ]
INFO: [ app_init ] --END-- [ RunTime:0.001022s ]
ERR: 无法加载模块:Public

[ 2017-09-18T21:33:03+08:00 ] 127.0.0.1 /Public/bdimg.share.baidu.com/static/api/js/share.js?v=89860593.js?cdnversion=418260
INFO: [ app_init ] --START--
INFO: Run Behavior\BuildLiteBehavior [ RunTime:0.000034s ]
INFO: [ app_init ] --END-- [ RunTime:0.000695s ]
ERR: 无法加载模块:Public

